{"/home/weronika/IO/IO-project/reactapp/src/App.js": {"path":"/home/weronika/IO/IO-project/reactapp/src/App.js","statementMap":{"0":{"start":{"line":8,"column":8},"end":{"line":22,"column":9}},"1":{"start":{"line":28,"column":8},"end":{"line":33,"column":10}}},"fnMap":{"0":{"name":"GameMenu","decl":{"start":{"line":5,"column":9},"end":{"line":5,"column":17}},"loc":{"start":{"line":5,"column":24},"end":{"line":24,"column":1}},"line":5},"1":{"name":"App","decl":{"start":{"line":26,"column":9},"end":{"line":26,"column":12}},"loc":{"start":{"line":26,"column":15},"end":{"line":35,"column":1}},"line":26}},"branchMap":{},"s":{"0":2,"1":2},"f":{"0":2,"1":2},"b":{},"_coverageSchema":"1a1c01bbd47fc00a2c39e90264f33305004495a9","hash":"d0e57e8a14b23386929cde6c9c26a1b51971dfca"}
,"/home/weronika/IO/IO-project/reactapp/src/Game.js": {"path":"/home/weronika/IO/IO-project/reactapp/src/Game.js","statementMap":{"0":{"start":{"line":9,"column":8},"end":{"line":18,"column":9}},"1":{"start":{"line":22,"column":13},"end":{"line":333,"column":1}},"2":{"start":{"line":23,"column":38},"end":{"line":23,"column":53}},"3":{"start":{"line":25,"column":27},"end":{"line":25,"column":44}},"4":{"start":{"line":26,"column":20},"end":{"line":26,"column":47}},"5":{"start":{"line":27,"column":26},"end":{"line":27,"column":59}},"6":{"start":{"line":28,"column":38},"end":{"line":28,"column":49}},"7":{"start":{"line":29,"column":35},"end":{"line":29,"column":47}},"8":{"start":{"line":30,"column":34},"end":{"line":30,"column":45}},"9":{"start":{"line":31,"column":36},"end":{"line":31,"column":47}},"10":{"start":{"line":32,"column":38},"end":{"line":32,"column":53}},"11":{"start":{"line":33,"column":38},"end":{"line":33,"column":53}},"12":{"start":{"line":34,"column":26},"end":{"line":34,"column":37}},"13":{"start":{"line":36,"column":22},"end":{"line":36,"column":24}},"14":{"start":{"line":37,"column":29},"end":{"line":37,"column":32}},"15":{"start":{"line":39,"column":32},"end":{"line":44,"column":5}},"16":{"start":{"line":46,"column":40},"end":{"line":48,"column":5}},"17":{"start":{"line":50,"column":24},"end":{"line":50,"column":40}},"18":{"start":{"line":51,"column":29},"end":{"line":51,"column":85}},"19":{"start":{"line":53,"column":4},"end":{"line":108,"column":10}},"20":{"start":{"line":54,"column":25},"end":{"line":54,"column":56}},"21":{"start":{"line":55,"column":8},"end":{"line":62,"column":10}},"22":{"start":{"line":56,"column":12},"end":{"line":56,"column":58}},"23":{"start":{"line":58,"column":12},"end":{"line":61,"column":16}},"24":{"start":{"line":64,"column":8},"end":{"line":72,"column":10}},"25":{"start":{"line":65,"column":12},"end":{"line":65,"column":53}},"26":{"start":{"line":66,"column":12},"end":{"line":71,"column":13}},"27":{"start":{"line":67,"column":16},"end":{"line":67,"column":47}},"28":{"start":{"line":68,"column":16},"end":{"line":70,"column":25}},"29":{"start":{"line":69,"column":20},"end":{"line":69,"column":50}},"30":{"start":{"line":74,"column":8},"end":{"line":82,"column":10}},"31":{"start":{"line":77,"column":23},"end":{"line":77,"column":41}},"32":{"start":{"line":78,"column":12},"end":{"line":78,"column":35}},"33":{"start":{"line":79,"column":26},"end":{"line":79,"column":41}},"34":{"start":{"line":80,"column":24},"end":{"line":80,"column":37}},"35":{"start":{"line":81,"column":12},"end":{"line":81,"column":36}},"36":{"start":{"line":84,"column":27},"end":{"line":84,"column":58}},"37":{"start":{"line":85,"column":8},"end":{"line":95,"column":9}},"38":{"start":{"line":86,"column":12},"end":{"line":86,"column":36}},"39":{"start":{"line":87,"column":12},"end":{"line":90,"column":16}},"40":{"start":{"line":91,"column":12},"end":{"line":91,"column":32}},"41":{"start":{"line":92,"column":12},"end":{"line":94,"column":15}},"42":{"start":{"line":97,"column":26},"end":{"line":97,"column":63}},"43":{"start":{"line":98,"column":8},"end":{"line":103,"column":9}},"44":{"start":{"line":99,"column":12},"end":{"line":102,"column":16}},"45":{"start":{"line":105,"column":8},"end":{"line":107,"column":9}},"46":{"start":{"line":106,"column":12},"end":{"line":106,"column":32}},"47":{"start":{"line":110,"column":24},"end":{"line":113,"column":5}},"48":{"start":{"line":111,"column":8},"end":{"line":111,"column":21}},"49":{"start":{"line":112,"column":8},"end":{"line":112,"column":24}},"50":{"start":{"line":115,"column":23},"end":{"line":142,"column":5}},"51":{"start":{"line":116,"column":8},"end":{"line":141,"column":10}},"52":{"start":{"line":123,"column":12},"end":{"line":127,"column":13}},"53":{"start":{"line":124,"column":16},"end":{"line":124,"column":28}},"54":{"start":{"line":126,"column":16},"end":{"line":126,"column":39}},"55":{"start":{"line":130,"column":12},"end":{"line":140,"column":13}},"56":{"start":{"line":131,"column":16},"end":{"line":131,"column":49}},"57":{"start":{"line":132,"column":16},"end":{"line":132,"column":34}},"58":{"start":{"line":133,"column":16},"end":{"line":133,"column":53}},"59":{"start":{"line":134,"column":16},"end":{"line":134,"column":52}},"60":{"start":{"line":135,"column":16},"end":{"line":135,"column":33}},"61":{"start":{"line":136,"column":16},"end":{"line":136,"column":42}},"62":{"start":{"line":139,"column":16},"end":{"line":139,"column":45}},"63":{"start":{"line":144,"column":26},"end":{"line":173,"column":5}},"64":{"start":{"line":145,"column":8},"end":{"line":172,"column":10}},"65":{"start":{"line":152,"column":12},"end":{"line":156,"column":13}},"66":{"start":{"line":153,"column":16},"end":{"line":153,"column":28}},"67":{"start":{"line":155,"column":16},"end":{"line":155,"column":39}},"68":{"start":{"line":159,"column":26},"end":{"line":159,"column":86}},"69":{"start":{"line":160,"column":12},"end":{"line":170,"column":13}},"70":{"start":{"line":161,"column":16},"end":{"line":169,"column":17}},"71":{"start":{"line":161,"column":29},"end":{"line":161,"column":30}},"72":{"start":{"line":162,"column":38},"end":{"line":167,"column":21}},"73":{"start":{"line":168,"column":20},"end":{"line":168,"column":81}},"74":{"start":{"line":171,"column":12},"end":{"line":171,"column":35}},"75":{"start":{"line":175,"column":4},"end":{"line":177,"column":10}},"76":{"start":{"line":176,"column":8},"end":{"line":176,"column":24}},"77":{"start":{"line":179,"column":24},"end":{"line":181,"column":5}},"78":{"start":{"line":180,"column":8},"end":{"line":180,"column":33}},"79":{"start":{"line":183,"column":22},"end":{"line":183,"column":59}},"80":{"start":{"line":185,"column":20},"end":{"line":209,"column":5}},"81":{"start":{"line":186,"column":8},"end":{"line":186,"column":46}},"82":{"start":{"line":187,"column":8},"end":{"line":187,"column":22}},"83":{"start":{"line":188,"column":8},"end":{"line":208,"column":9}},"84":{"start":{"line":190,"column":27},"end":{"line":190,"column":46}},"85":{"start":{"line":191,"column":16},"end":{"line":191,"column":49}},"86":{"start":{"line":193,"column":31},"end":{"line":193,"column":44}},"87":{"start":{"line":194,"column":16},"end":{"line":194,"column":37}},"88":{"start":{"line":196,"column":16},"end":{"line":196,"column":22}},"89":{"start":{"line":198,"column":16},"end":{"line":198,"column":36}},"90":{"start":{"line":200,"column":16},"end":{"line":200,"column":22}},"91":{"start":{"line":202,"column":16},"end":{"line":202,"column":36}},"92":{"start":{"line":203,"column":16},"end":{"line":203,"column":22}},"93":{"start":{"line":205,"column":16},"end":{"line":205,"column":22}},"94":{"start":{"line":207,"column":16},"end":{"line":207,"column":40}},"95":{"start":{"line":211,"column":20},"end":{"line":214,"column":5}},"96":{"start":{"line":212,"column":8},"end":{"line":212,"column":27}},"97":{"start":{"line":213,"column":8},"end":{"line":213,"column":36}},"98":{"start":{"line":216,"column":19},"end":{"line":220,"column":5}},"99":{"start":{"line":217,"column":8},"end":{"line":217,"column":27}},"100":{"start":{"line":219,"column":8},"end":{"line":219,"column":35}},"101":{"start":{"line":222,"column":19},"end":{"line":234,"column":5}},"102":{"start":{"line":223,"column":8},"end":{"line":223,"column":63}},"103":{"start":{"line":224,"column":8},"end":{"line":226,"column":9}},"104":{"start":{"line":225,"column":12},"end":{"line":225,"column":19}},"105":{"start":{"line":228,"column":24},"end":{"line":232,"column":10}},"106":{"start":{"line":233,"column":8},"end":{"line":233,"column":40}},"107":{"start":{"line":236,"column":20},"end":{"line":247,"column":5}},"108":{"start":{"line":237,"column":8},"end":{"line":237,"column":58}},"109":{"start":{"line":238,"column":8},"end":{"line":240,"column":9}},"110":{"start":{"line":239,"column":12},"end":{"line":239,"column":19}},"111":{"start":{"line":241,"column":24},"end":{"line":245,"column":10}},"112":{"start":{"line":246,"column":8},"end":{"line":246,"column":40}},"113":{"start":{"line":249,"column":24},"end":{"line":251,"column":5}},"114":{"start":{"line":250,"column":8},"end":{"line":250,"column":40}},"115":{"start":{"line":253,"column":23},"end":{"line":269,"column":5}},"116":{"start":{"line":254,"column":8},"end":{"line":254,"column":79}},"117":{"start":{"line":255,"column":8},"end":{"line":257,"column":9}},"118":{"start":{"line":256,"column":12},"end":{"line":256,"column":19}},"119":{"start":{"line":258,"column":28},"end":{"line":258,"column":65}},"120":{"start":{"line":259,"column":8},"end":{"line":262,"column":9}},"121":{"start":{"line":260,"column":12},"end":{"line":260,"column":45}},"122":{"start":{"line":261,"column":12},"end":{"line":261,"column":19}},"123":{"start":{"line":263,"column":24},"end":{"line":267,"column":10}},"124":{"start":{"line":268,"column":8},"end":{"line":268,"column":40}},"125":{"start":{"line":271,"column":4},"end":{"line":332,"column":5}}},"fnMap":{"0":{"name":"(anonymous_0)","decl":{"start":{"line":8,"column":4},"end":{"line":8,"column":5}},"loc":{"start":{"line":8,"column":13},"end":{"line":19,"column":5}},"line":8},"1":{"name":"(anonymous_1)","decl":{"start":{"line":22,"column":13},"end":{"line":22,"column":14}},"loc":{"start":{"line":22,"column":19},"end":{"line":333,"column":1}},"line":22},"2":{"name":"(anonymous_2)","decl":{"start":{"line":53,"column":14},"end":{"line":53,"column":15}},"loc":{"start":{"line":53,"column":20},"end":{"line":108,"column":5}},"line":53},"3":{"name":"open","decl":{"start":{"line":55,"column":37},"end":{"line":55,"column":41}},"loc":{"start":{"line":55,"column":44},"end":{"line":62,"column":9}},"line":55},"4":{"name":"(anonymous_4)","decl":{"start":{"line":64,"column":29},"end":{"line":64,"column":30}},"loc":{"start":{"line":64,"column":42},"end":{"line":72,"column":9}},"line":64},"5":{"name":"(anonymous_5)","decl":{"start":{"line":68,"column":27},"end":{"line":68,"column":28}},"loc":{"start":{"line":68,"column":39},"end":{"line":70,"column":17}},"line":68},"6":{"name":"(anonymous_6)","decl":{"start":{"line":74,"column":31},"end":{"line":74,"column":32}},"loc":{"start":{"line":74,"column":44},"end":{"line":82,"column":9}},"line":74},"7":{"name":"(anonymous_7)","decl":{"start":{"line":85,"column":29},"end":{"line":85,"column":30}},"loc":{"start":{"line":85,"column":40},"end":{"line":95,"column":9}},"line":85},"8":{"name":"(anonymous_8)","decl":{"start":{"line":98,"column":25},"end":{"line":98,"column":26}},"loc":{"start":{"line":98,"column":50},"end":{"line":103,"column":9}},"line":98},"9":{"name":"(anonymous_9)","decl":{"start":{"line":110,"column":24},"end":{"line":110,"column":25}},"loc":{"start":{"line":110,"column":30},"end":{"line":113,"column":5}},"line":110},"10":{"name":"(anonymous_10)","decl":{"start":{"line":115,"column":23},"end":{"line":115,"column":24}},"loc":{"start":{"line":115,"column":29},"end":{"line":142,"column":5}},"line":115},"11":{"name":"(anonymous_11)","decl":{"start":{"line":122,"column":14},"end":{"line":122,"column":15}},"loc":{"start":{"line":122,"column":28},"end":{"line":128,"column":9}},"line":122},"12":{"name":"(anonymous_12)","decl":{"start":{"line":129,"column":14},"end":{"line":129,"column":15}},"loc":{"start":{"line":129,"column":24},"end":{"line":141,"column":9}},"line":129},"13":{"name":"(anonymous_13)","decl":{"start":{"line":144,"column":26},"end":{"line":144,"column":27}},"loc":{"start":{"line":144,"column":32},"end":{"line":173,"column":5}},"line":144},"14":{"name":"(anonymous_14)","decl":{"start":{"line":151,"column":14},"end":{"line":151,"column":15}},"loc":{"start":{"line":151,"column":28},"end":{"line":157,"column":9}},"line":151},"15":{"name":"(anonymous_15)","decl":{"start":{"line":158,"column":14},"end":{"line":158,"column":15}},"loc":{"start":{"line":158,"column":24},"end":{"line":172,"column":9}},"line":158},"16":{"name":"(anonymous_16)","decl":{"start":{"line":175,"column":14},"end":{"line":175,"column":15}},"loc":{"start":{"line":175,"column":20},"end":{"line":177,"column":5}},"line":175},"17":{"name":"(anonymous_17)","decl":{"start":{"line":179,"column":24},"end":{"line":179,"column":25}},"loc":{"start":{"line":179,"column":30},"end":{"line":181,"column":5}},"line":179},"18":{"name":"(anonymous_18)","decl":{"start":{"line":185,"column":20},"end":{"line":185,"column":21}},"loc":{"start":{"line":185,"column":40},"end":{"line":209,"column":5}},"line":185},"19":{"name":"(anonymous_19)","decl":{"start":{"line":211,"column":20},"end":{"line":211,"column":21}},"loc":{"start":{"line":211,"column":26},"end":{"line":214,"column":5}},"line":211},"20":{"name":"(anonymous_20)","decl":{"start":{"line":216,"column":19},"end":{"line":216,"column":20}},"loc":{"start":{"line":216,"column":25},"end":{"line":220,"column":5}},"line":216},"21":{"name":"(anonymous_21)","decl":{"start":{"line":222,"column":19},"end":{"line":222,"column":20}},"loc":{"start":{"line":222,"column":25},"end":{"line":234,"column":5}},"line":222},"22":{"name":"(anonymous_22)","decl":{"start":{"line":236,"column":20},"end":{"line":236,"column":21}},"loc":{"start":{"line":236,"column":26},"end":{"line":247,"column":5}},"line":236},"23":{"name":"(anonymous_23)","decl":{"start":{"line":249,"column":24},"end":{"line":249,"column":25}},"loc":{"start":{"line":249,"column":35},"end":{"line":251,"column":5}},"line":249},"24":{"name":"(anonymous_24)","decl":{"start":{"line":253,"column":23},"end":{"line":253,"column":24}},"loc":{"start":{"line":253,"column":34},"end":{"line":269,"column":5}},"line":253}},"branchMap":{"0":{"loc":{"start":{"line":66,"column":12},"end":{"line":71,"column":13}},"type":"if","locations":[{"start":{"line":66,"column":12},"end":{"line":71,"column":13}},{"start":{},"end":{}}],"line":66},"1":{"loc":{"start":{"line":105,"column":8},"end":{"line":107,"column":9}},"type":"if","locations":[{"start":{"line":105,"column":8},"end":{"line":107,"column":9}},{"start":{},"end":{}}],"line":105},"2":{"loc":{"start":{"line":123,"column":12},"end":{"line":127,"column":13}},"type":"if","locations":[{"start":{"line":123,"column":12},"end":{"line":127,"column":13}},{"start":{"line":125,"column":19},"end":{"line":127,"column":13}}],"line":123},"3":{"loc":{"start":{"line":130,"column":12},"end":{"line":140,"column":13}},"type":"if","locations":[{"start":{"line":130,"column":12},"end":{"line":140,"column":13}},{"start":{"line":138,"column":17},"end":{"line":140,"column":13}}],"line":130},"4":{"loc":{"start":{"line":152,"column":12},"end":{"line":156,"column":13}},"type":"if","locations":[{"start":{"line":152,"column":12},"end":{"line":156,"column":13}},{"start":{"line":154,"column":19},"end":{"line":156,"column":13}}],"line":152},"5":{"loc":{"start":{"line":160,"column":12},"end":{"line":170,"column":13}},"type":"if","locations":[{"start":{"line":160,"column":12},"end":{"line":170,"column":13}},{"start":{},"end":{}}],"line":160},"6":{"loc":{"start":{"line":188,"column":8},"end":{"line":208,"column":9}},"type":"switch","locations":[{"start":{"line":189,"column":12},"end":{"line":196,"column":22}},{"start":{"line":197,"column":12},"end":{"line":200,"column":22}},{"start":{"line":201,"column":12},"end":{"line":203,"column":22}},{"start":{"line":204,"column":12},"end":{"line":205,"column":22}},{"start":{"line":206,"column":12},"end":{"line":207,"column":40}}],"line":188},"7":{"loc":{"start":{"line":224,"column":8},"end":{"line":226,"column":9}},"type":"if","locations":[{"start":{"line":224,"column":8},"end":{"line":226,"column":9}},{"start":{},"end":{}}],"line":224},"8":{"loc":{"start":{"line":238,"column":8},"end":{"line":240,"column":9}},"type":"if","locations":[{"start":{"line":238,"column":8},"end":{"line":240,"column":9}},{"start":{},"end":{}}],"line":238},"9":{"loc":{"start":{"line":255,"column":8},"end":{"line":257,"column":9}},"type":"if","locations":[{"start":{"line":255,"column":8},"end":{"line":257,"column":9}},{"start":{},"end":{}}],"line":255},"10":{"loc":{"start":{"line":255,"column":12},"end":{"line":255,"column":60}},"type":"binary-expr","locations":[{"start":{"line":255,"column":12},"end":{"line":255,"column":38}},{"start":{"line":255,"column":42},"end":{"line":255,"column":60}}],"line":255},"11":{"loc":{"start":{"line":259,"column":8},"end":{"line":262,"column":9}},"type":"if","locations":[{"start":{"line":259,"column":8},"end":{"line":262,"column":9}},{"start":{},"end":{}}],"line":259},"12":{"loc":{"start":{"line":306,"column":32},"end":{"line":306,"column":67}},"type":"cond-expr","locations":[{"start":{"line":306,"column":43},"end":{"line":306,"column":56}},{"start":{"line":306,"column":59},"end":{"line":306,"column":67}}],"line":306},"13":{"loc":{"start":{"line":312,"column":24},"end":{"line":312,"column":170}},"type":"binary-expr","locations":[{"start":{"line":312,"column":24},"end":{"line":312,"column":42}},{"start":{"line":312,"column":46},"end":{"line":312,"column":64}},{"start":{"line":312,"column":68},"end":{"line":312,"column":170}}],"line":312},"14":{"loc":{"start":{"line":315,"column":21},"end":{"line":315,"column":164}},"type":"binary-expr","locations":[{"start":{"line":315,"column":21},"end":{"line":315,"column":39}},{"start":{"line":315,"column":43},"end":{"line":315,"column":61}},{"start":{"line":315,"column":65},"end":{"line":315,"column":164}}],"line":315}},"s":{"0":10,"1":1,"2":1,"3":1,"4":1,"5":1,"6":1,"7":1,"8":1,"9":1,"10":1,"11":1,"12":1,"13":1,"14":1,"15":1,"16":1,"17":1,"18":1,"19":1,"20":1,"21":1,"22":0,"23":0,"24":1,"25":0,"26":0,"27":0,"28":0,"29":0,"30":1,"31":0,"32":0,"33":0,"34":0,"35":0,"36":1,"37":1,"38":0,"39":0,"40":0,"41":0,"42":1,"43":1,"44":0,"45":1,"46":0,"47":1,"48":0,"49":0,"50":1,"51":0,"52":0,"53":0,"54":0,"55":0,"56":0,"57":0,"58":0,"59":0,"60":0,"61":0,"62":0,"63":1,"64":1,"65":0,"66":0,"67":0,"68":0,"69":0,"70":0,"71":0,"72":0,"73":0,"74":0,"75":1,"76":1,"77":1,"78":0,"79":1,"80":1,"81":0,"82":0,"83":0,"84":0,"85":0,"86":0,"87":0,"88":0,"89":0,"90":0,"91":0,"92":0,"93":0,"94":0,"95":1,"96":0,"97":0,"98":1,"99":0,"100":0,"101":1,"102":0,"103":0,"104":0,"105":0,"106":0,"107":1,"108":0,"109":0,"110":0,"111":0,"112":0,"113":1,"114":0,"115":1,"116":0,"117":0,"118":0,"119":0,"120":0,"121":0,"122":0,"123":0,"124":0,"125":1},"f":{"0":10,"1":1,"2":1,"3":0,"4":0,"5":0,"6":0,"7":0,"8":0,"9":0,"10":0,"11":0,"12":0,"13":1,"14":0,"15":0,"16":1,"17":0,"18":0,"19":0,"20":0,"21":0,"22":0,"23":0,"24":0},"b":{"0":[0,0],"1":[0,1],"2":[0,0],"3":[0,0],"4":[0,0],"5":[0,0],"6":[0,0,0,0,0],"7":[0,0],"8":[0,0],"9":[0,0],"10":[0,0],"11":[0,0],"12":[0,1],"13":[1,0,0],"14":[1,0,0]},"_coverageSchema":"1a1c01bbd47fc00a2c39e90264f33305004495a9","hash":"bc3fc4db46de6821c16a75757e78dc22284f8ec5"}
,"/home/weronika/IO/IO-project/reactapp/src/Host.js": {"path":"/home/weronika/IO/IO-project/reactapp/src/Host.js","statementMap":{"0":{"start":{"line":5,"column":13},"end":{"line":87,"column":1}},"1":{"start":{"line":6,"column":30},"end":{"line":6,"column":42}},"2":{"start":{"line":7,"column":36},"end":{"line":7,"column":48}},"3":{"start":{"line":8,"column":34},"end":{"line":8,"column":48}},"4":{"start":{"line":10,"column":30},"end":{"line":17,"column":5}},"5":{"start":{"line":11,"column":32},"end":{"line":11,"column":44}},"6":{"start":{"line":12,"column":8},"end":{"line":16,"column":9}},"7":{"start":{"line":13,"column":12},"end":{"line":13,"column":28}},"8":{"start":{"line":14,"column":15},"end":{"line":16,"column":9}},"9":{"start":{"line":15,"column":12},"end":{"line":15,"column":31}},"10":{"start":{"line":19,"column":25},"end":{"line":42,"column":5}},"11":{"start":{"line":20,"column":8},"end":{"line":20,"column":31}},"12":{"start":{"line":21,"column":25},"end":{"line":21,"column":36}},"13":{"start":{"line":22,"column":24},"end":{"line":22,"column":39}},"14":{"start":{"line":24,"column":8},"end":{"line":41,"column":9}},"15":{"start":{"line":25,"column":12},"end":{"line":25,"column":30}},"16":{"start":{"line":27,"column":12},"end":{"line":40,"column":14}},"17":{"start":{"line":37,"column":32},"end":{"line":37,"column":47}},"18":{"start":{"line":39,"column":16},"end":{"line":39,"column":91}},"19":{"start":{"line":44,"column":4},"end":{"line":86,"column":6}}},"fnMap":{"0":{"name":"(anonymous_0)","decl":{"start":{"line":5,"column":13},"end":{"line":5,"column":14}},"loc":{"start":{"line":5,"column":19},"end":{"line":87,"column":1}},"line":5},"1":{"name":"(anonymous_1)","decl":{"start":{"line":10,"column":30},"end":{"line":10,"column":31}},"loc":{"start":{"line":10,"column":41},"end":{"line":17,"column":5}},"line":10},"2":{"name":"(anonymous_2)","decl":{"start":{"line":19,"column":25},"end":{"line":19,"column":26}},"loc":{"start":{"line":19,"column":36},"end":{"line":42,"column":5}},"line":19},"3":{"name":"(anonymous_3)","decl":{"start":{"line":37,"column":18},"end":{"line":37,"column":19}},"loc":{"start":{"line":37,"column":32},"end":{"line":37,"column":47}},"line":37},"4":{"name":"(anonymous_4)","decl":{"start":{"line":38,"column":18},"end":{"line":38,"column":19}},"loc":{"start":{"line":38,"column":28},"end":{"line":40,"column":13}},"line":38}},"branchMap":{"0":{"loc":{"start":{"line":12,"column":8},"end":{"line":16,"column":9}},"type":"if","locations":[{"start":{"line":12,"column":8},"end":{"line":16,"column":9}},{"start":{"line":14,"column":15},"end":{"line":16,"column":9}}],"line":12},"1":{"loc":{"start":{"line":14,"column":15},"end":{"line":16,"column":9}},"type":"if","locations":[{"start":{"line":14,"column":15},"end":{"line":16,"column":9}},{"start":{},"end":{}}],"line":14},"2":{"loc":{"start":{"line":24,"column":8},"end":{"line":41,"column":9}},"type":"if","locations":[{"start":{"line":24,"column":8},"end":{"line":41,"column":9}},{"start":{"line":26,"column":15},"end":{"line":41,"column":9}}],"line":24},"3":{"loc":{"start":{"line":24,"column":12},"end":{"line":24,"column":60}},"type":"binary-expr","locations":[{"start":{"line":24,"column":12},"end":{"line":24,"column":33}},{"start":{"line":24,"column":37},"end":{"line":24,"column":60}}],"line":24},"4":{"loc":{"start":{"line":79,"column":17},"end":{"line":79,"column":90}},"type":"cond-expr","locations":[{"start":{"line":79,"column":27},"end":{"line":79,"column":34}},{"start":{"line":79,"column":37},"end":{"line":79,"column":90}}],"line":79}},"s":{"0":2,"1":10,"2":10,"3":10,"4":10,"5":4,"6":4,"7":2,"8":2,"9":2,"10":10,"11":2,"12":2,"13":2,"14":2,"15":2,"16":0,"17":0,"18":0,"19":10},"f":{"0":10,"1":4,"2":2,"3":0,"4":0},"b":{"0":[2,2],"1":[2,0],"2":[2,0],"3":[2,1],"4":[8,2]},"_coverageSchema":"1a1c01bbd47fc00a2c39e90264f33305004495a9","hash":"bfe522916cf3515be183084b62168eabe0d658a1"}
,"/home/weronika/IO/IO-project/reactapp/src/Login.js": {"path":"/home/weronika/IO/IO-project/reactapp/src/Login.js","statementMap":{"0":{"start":{"line":4,"column":14},"end":{"line":112,"column":1}},"1":{"start":{"line":5,"column":36},"end":{"line":5,"column":48}},"2":{"start":{"line":6,"column":36},"end":{"line":6,"column":48}},"3":{"start":{"line":7,"column":36},"end":{"line":7,"column":50}},"4":{"start":{"line":8,"column":36},"end":{"line":8,"column":51}},"5":{"start":{"line":9,"column":40},"end":{"line":9,"column":54}},"6":{"start":{"line":11,"column":30},"end":{"line":18,"column":5}},"7":{"start":{"line":12,"column":32},"end":{"line":12,"column":44}},"8":{"start":{"line":13,"column":8},"end":{"line":17,"column":9}},"9":{"start":{"line":14,"column":12},"end":{"line":14,"column":29}},"10":{"start":{"line":15,"column":15},"end":{"line":17,"column":9}},"11":{"start":{"line":16,"column":12},"end":{"line":16,"column":31}},"12":{"start":{"line":20,"column":25},"end":{"line":62,"column":5}},"13":{"start":{"line":21,"column":8},"end":{"line":21,"column":31}},"14":{"start":{"line":22,"column":24},"end":{"line":22,"column":33}},"15":{"start":{"line":23,"column":24},"end":{"line":23,"column":39}},"16":{"start":{"line":25,"column":8},"end":{"line":61,"column":9}},"17":{"start":{"line":26,"column":12},"end":{"line":26,"column":30}},"18":{"start":{"line":28,"column":12},"end":{"line":60,"column":15}},"19":{"start":{"line":35,"column":16},"end":{"line":39,"column":17}},"20":{"start":{"line":36,"column":20},"end":{"line":36,"column":41}},"21":{"start":{"line":38,"column":20},"end":{"line":38,"column":42}},"22":{"start":{"line":42,"column":16},"end":{"line":59,"column":17}},"23":{"start":{"line":43,"column":20},"end":{"line":43,"column":81}},"24":{"start":{"line":43,"column":50},"end":{"line":43,"column":78}},"25":{"start":{"line":45,"column":20},"end":{"line":58,"column":22}},"26":{"start":{"line":55,"column":40},"end":{"line":55,"column":55}},"27":{"start":{"line":57,"column":24},"end":{"line":57,"column":111}},"28":{"start":{"line":64,"column":4},"end":{"line":108,"column":6}}},"fnMap":{"0":{"name":"(anonymous_0)","decl":{"start":{"line":4,"column":14},"end":{"line":4,"column":15}},"loc":{"start":{"line":4,"column":20},"end":{"line":112,"column":1}},"line":4},"1":{"name":"(anonymous_1)","decl":{"start":{"line":11,"column":30},"end":{"line":11,"column":31}},"loc":{"start":{"line":11,"column":41},"end":{"line":18,"column":5}},"line":11},"2":{"name":"(anonymous_2)","decl":{"start":{"line":20,"column":25},"end":{"line":20,"column":26}},"loc":{"start":{"line":20,"column":36},"end":{"line":62,"column":5}},"line":20},"3":{"name":"(anonymous_3)","decl":{"start":{"line":34,"column":18},"end":{"line":34,"column":19}},"loc":{"start":{"line":34,"column":32},"end":{"line":40,"column":13}},"line":34},"4":{"name":"(anonymous_4)","decl":{"start":{"line":41,"column":18},"end":{"line":41,"column":19}},"loc":{"start":{"line":41,"column":28},"end":{"line":60,"column":13}},"line":41},"5":{"name":"(anonymous_5)","decl":{"start":{"line":43,"column":40},"end":{"line":43,"column":41}},"loc":{"start":{"line":43,"column":50},"end":{"line":43,"column":78}},"line":43},"6":{"name":"(anonymous_6)","decl":{"start":{"line":55,"column":26},"end":{"line":55,"column":27}},"loc":{"start":{"line":55,"column":40},"end":{"line":55,"column":55}},"line":55},"7":{"name":"(anonymous_7)","decl":{"start":{"line":56,"column":26},"end":{"line":56,"column":27}},"loc":{"start":{"line":56,"column":36},"end":{"line":58,"column":21}},"line":56}},"branchMap":{"0":{"loc":{"start":{"line":13,"column":8},"end":{"line":17,"column":9}},"type":"if","locations":[{"start":{"line":13,"column":8},"end":{"line":17,"column":9}},{"start":{"line":15,"column":15},"end":{"line":17,"column":9}}],"line":13},"1":{"loc":{"start":{"line":15,"column":15},"end":{"line":17,"column":9}},"type":"if","locations":[{"start":{"line":15,"column":15},"end":{"line":17,"column":9}},{"start":{},"end":{}}],"line":15},"2":{"loc":{"start":{"line":25,"column":8},"end":{"line":61,"column":9}},"type":"if","locations":[{"start":{"line":25,"column":8},"end":{"line":61,"column":9}},{"start":{"line":27,"column":15},"end":{"line":61,"column":9}}],"line":25},"3":{"loc":{"start":{"line":25,"column":12},"end":{"line":25,"column":61}},"type":"binary-expr","locations":[{"start":{"line":25,"column":12},"end":{"line":25,"column":34}},{"start":{"line":25,"column":38},"end":{"line":25,"column":61}}],"line":25},"4":{"loc":{"start":{"line":35,"column":16},"end":{"line":39,"column":17}},"type":"if","locations":[{"start":{"line":35,"column":16},"end":{"line":39,"column":17}},{"start":{"line":37,"column":23},"end":{"line":39,"column":17}}],"line":35},"5":{"loc":{"start":{"line":42,"column":16},"end":{"line":59,"column":17}},"type":"if","locations":[{"start":{"line":42,"column":16},"end":{"line":59,"column":17}},{"start":{},"end":{}}],"line":42},"6":{"loc":{"start":{"line":42,"column":20},"end":{"line":42,"column":38}},"type":"binary-expr","locations":[{"start":{"line":42,"column":20},"end":{"line":42,"column":30}},{"start":{"line":42,"column":34},"end":{"line":42,"column":38}}],"line":42},"7":{"loc":{"start":{"line":99,"column":17},"end":{"line":99,"column":91}},"type":"cond-expr","locations":[{"start":{"line":99,"column":28},"end":{"line":99,"column":35}},{"start":{"line":99,"column":38},"end":{"line":99,"column":91}}],"line":99},"8":{"loc":{"start":{"line":100,"column":17},"end":{"line":100,"column":93}},"type":"cond-expr","locations":[{"start":{"line":100,"column":26},"end":{"line":100,"column":83}},{"start":{"line":100,"column":86},"end":{"line":100,"column":93}}],"line":100},"9":{"loc":{"start":{"line":101,"column":17},"end":{"line":101,"column":92}},"type":"cond-expr","locations":[{"start":{"line":101,"column":30},"end":{"line":101,"column":37}},{"start":{"line":101,"column":40},"end":{"line":101,"column":92}}],"line":101}},"s":{"0":2,"1":18,"2":18,"3":18,"4":18,"5":18,"6":18,"7":8,"8":8,"9":4,"10":4,"11":4,"12":18,"13":4,"14":4,"15":4,"16":4,"17":1,"18":3,"19":3,"20":2,"21":1,"22":3,"23":1,"24":1,"25":1,"26":1,"27":1,"28":18},"f":{"0":18,"1":8,"2":4,"3":3,"4":3,"5":1,"6":1,"7":1},"b":{"0":[4,4],"1":[4,0],"2":[1,3],"3":[4,3],"4":[2,1],"5":[1,2],"6":[3,3],"7":[17,1],"8":[1,17],"9":[16,2]},"_coverageSchema":"1a1c01bbd47fc00a2c39e90264f33305004495a9","hash":"c92df7e677949d4df83a6eb466e43b2d2b6b5ce2"}
,"/home/weronika/IO/IO-project/reactapp/src/Rules.js": {"path":"/home/weronika/IO/IO-project/reactapp/src/Rules.js","statementMap":{"0":{"start":{"line":14,"column":1},"end":{"line":146,"column":8}}},"fnMap":{"0":{"name":"Rules","decl":{"start":{"line":13,"column":9},"end":{"line":13,"column":14}},"loc":{"start":{"line":13,"column":17},"end":{"line":147,"column":1}},"line":13}},"branchMap":{},"s":{"0":1},"f":{"0":1},"b":{},"_coverageSchema":"1a1c01bbd47fc00a2c39e90264f33305004495a9","hash":"834ae93006adc74cd5710698837749e92eea5d43"}
}
