{"/home/weronika/IO/IO-project/reactapp/src/App.js": {"path":"/home/weronika/IO/IO-project/reactapp/src/App.js","statementMap":{"0":{"start":{"line":8,"column":21},"end":{"line":8,"column":40}},"1":{"start":{"line":9,"column":20},"end":{"line":9,"column":38}},"2":{"start":{"line":11,"column":8},"end":{"line":25,"column":9}},"3":{"start":{"line":31,"column":8},"end":{"line":38,"column":10}}},"fnMap":{"0":{"name":"GameMenu","decl":{"start":{"line":5,"column":9},"end":{"line":5,"column":17}},"loc":{"start":{"line":5,"column":24},"end":{"line":27,"column":1}},"line":5},"1":{"name":"App","decl":{"start":{"line":29,"column":9},"end":{"line":29,"column":12}},"loc":{"start":{"line":29,"column":15},"end":{"line":40,"column":1}},"line":29}},"branchMap":{},"s":{"0":6,"1":6,"2":6,"3":2},"f":{"0":6,"1":2},"b":{},"_coverageSchema":"1a1c01bbd47fc00a2c39e90264f33305004495a9","hash":"62e6140613fefae164e9386373af9b9ba2f8a3e0"}
,"/home/weronika/IO/IO-project/reactapp/src/Host.js": {"path":"/home/weronika/IO/IO-project/reactapp/src/Host.js","statementMap":{"0":{"start":{"line":6,"column":30},"end":{"line":6,"column":42}},"1":{"start":{"line":7,"column":36},"end":{"line":7,"column":48}},"2":{"start":{"line":8,"column":34},"end":{"line":8,"column":48}},"3":{"start":{"line":10,"column":30},"end":{"line":17,"column":5}},"4":{"start":{"line":11,"column":32},"end":{"line":11,"column":44}},"5":{"start":{"line":12,"column":8},"end":{"line":16,"column":9}},"6":{"start":{"line":13,"column":12},"end":{"line":13,"column":28}},"7":{"start":{"line":14,"column":15},"end":{"line":16,"column":9}},"8":{"start":{"line":15,"column":12},"end":{"line":15,"column":31}},"9":{"start":{"line":19,"column":25},"end":{"line":43,"column":5}},"10":{"start":{"line":20,"column":8},"end":{"line":20,"column":31}},"11":{"start":{"line":21,"column":25},"end":{"line":21,"column":36}},"12":{"start":{"line":22,"column":24},"end":{"line":22,"column":39}},"13":{"start":{"line":24,"column":8},"end":{"line":42,"column":9}},"14":{"start":{"line":25,"column":12},"end":{"line":25,"column":30}},"15":{"start":{"line":27,"column":12},"end":{"line":41,"column":14}},"16":{"start":{"line":38,"column":32},"end":{"line":38,"column":47}},"17":{"start":{"line":40,"column":16},"end":{"line":40,"column":97}},"18":{"start":{"line":45,"column":20},"end":{"line":45,"column":39}},"19":{"start":{"line":47,"column":4},"end":{"line":97,"column":6}}},"fnMap":{"0":{"name":"Host","decl":{"start":{"line":5,"column":9},"end":{"line":5,"column":13}},"loc":{"start":{"line":5,"column":21},"end":{"line":98,"column":1}},"line":5},"1":{"name":"(anonymous_1)","decl":{"start":{"line":10,"column":30},"end":{"line":10,"column":31}},"loc":{"start":{"line":10,"column":41},"end":{"line":17,"column":5}},"line":10},"2":{"name":"(anonymous_2)","decl":{"start":{"line":19,"column":25},"end":{"line":19,"column":26}},"loc":{"start":{"line":19,"column":36},"end":{"line":43,"column":5}},"line":19},"3":{"name":"(anonymous_3)","decl":{"start":{"line":38,"column":18},"end":{"line":38,"column":19}},"loc":{"start":{"line":38,"column":32},"end":{"line":38,"column":47}},"line":38},"4":{"name":"(anonymous_4)","decl":{"start":{"line":39,"column":18},"end":{"line":39,"column":19}},"loc":{"start":{"line":39,"column":28},"end":{"line":41,"column":13}},"line":39}},"branchMap":{"0":{"loc":{"start":{"line":12,"column":8},"end":{"line":16,"column":9}},"type":"if","locations":[{"start":{"line":12,"column":8},"end":{"line":16,"column":9}},{"start":{"line":14,"column":15},"end":{"line":16,"column":9}}],"line":12},"1":{"loc":{"start":{"line":14,"column":15},"end":{"line":16,"column":9}},"type":"if","locations":[{"start":{"line":14,"column":15},"end":{"line":16,"column":9}},{"start":{},"end":{}}],"line":14},"2":{"loc":{"start":{"line":24,"column":8},"end":{"line":42,"column":9}},"type":"if","locations":[{"start":{"line":24,"column":8},"end":{"line":42,"column":9}},{"start":{"line":26,"column":15},"end":{"line":42,"column":9}}],"line":24},"3":{"loc":{"start":{"line":24,"column":12},"end":{"line":24,"column":83}},"type":"binary-expr","locations":[{"start":{"line":24,"column":13},"end":{"line":24,"column":34}},{"start":{"line":24,"column":38},"end":{"line":24,"column":55}},{"start":{"line":24,"column":60},"end":{"line":24,"column":83}}],"line":24},"4":{"loc":{"start":{"line":54,"column":18},"end":{"line":65,"column":22}},"type":"binary-expr","locations":[{"start":{"line":54,"column":18},"end":{"line":54,"column":37}},{"start":{"line":55,"column":16},"end":{"line":65,"column":22}}],"line":54},"5":{"loc":{"start":{"line":78,"column":18},"end":{"line":83,"column":22}},"type":"binary-expr","locations":[{"start":{"line":78,"column":18},"end":{"line":78,"column":37}},{"start":{"line":79,"column":16},"end":{"line":83,"column":22}}],"line":78},"6":{"loc":{"start":{"line":90,"column":17},"end":{"line":90,"column":90}},"type":"cond-expr","locations":[{"start":{"line":90,"column":27},"end":{"line":90,"column":34}},{"start":{"line":90,"column":37},"end":{"line":90,"column":90}}],"line":90}},"s":{"0":14,"1":14,"2":14,"3":14,"4":6,"5":6,"6":3,"7":3,"8":3,"9":14,"10":2,"11":2,"12":2,"13":2,"14":1,"15":1,"16":1,"17":1,"18":14,"19":14},"f":{"0":14,"1":6,"2":2,"3":1,"4":1},"b":{"0":[3,3],"1":[3,0],"2":[1,1],"3":[2,0,2],"4":[14,12],"5":[14,12],"6":[13,1]},"_coverageSchema":"1a1c01bbd47fc00a2c39e90264f33305004495a9","hash":"f1898417410db35a313be7f8f8af19ef81b4b682"}
,"/home/weronika/IO/IO-project/reactapp/src/Login.js": {"path":"/home/weronika/IO/IO-project/reactapp/src/Login.js","statementMap":{"0":{"start":{"line":5,"column":36},"end":{"line":5,"column":48}},"1":{"start":{"line":6,"column":36},"end":{"line":6,"column":48}},"2":{"start":{"line":7,"column":36},"end":{"line":7,"column":50}},"3":{"start":{"line":8,"column":36},"end":{"line":8,"column":51}},"4":{"start":{"line":9,"column":40},"end":{"line":9,"column":54}},"5":{"start":{"line":11,"column":30},"end":{"line":18,"column":5}},"6":{"start":{"line":12,"column":32},"end":{"line":12,"column":44}},"7":{"start":{"line":13,"column":8},"end":{"line":17,"column":9}},"8":{"start":{"line":14,"column":12},"end":{"line":14,"column":29}},"9":{"start":{"line":15,"column":15},"end":{"line":17,"column":9}},"10":{"start":{"line":16,"column":12},"end":{"line":16,"column":31}},"11":{"start":{"line":20,"column":25},"end":{"line":63,"column":5}},"12":{"start":{"line":21,"column":8},"end":{"line":21,"column":31}},"13":{"start":{"line":22,"column":24},"end":{"line":22,"column":33}},"14":{"start":{"line":23,"column":24},"end":{"line":23,"column":39}},"15":{"start":{"line":25,"column":8},"end":{"line":62,"column":9}},"16":{"start":{"line":26,"column":12},"end":{"line":26,"column":30}},"17":{"start":{"line":28,"column":12},"end":{"line":61,"column":15}},"18":{"start":{"line":35,"column":16},"end":{"line":39,"column":17}},"19":{"start":{"line":36,"column":20},"end":{"line":36,"column":41}},"20":{"start":{"line":38,"column":20},"end":{"line":38,"column":42}},"21":{"start":{"line":42,"column":16},"end":{"line":60,"column":17}},"22":{"start":{"line":43,"column":20},"end":{"line":43,"column":81}},"23":{"start":{"line":43,"column":50},"end":{"line":43,"column":78}},"24":{"start":{"line":45,"column":20},"end":{"line":59,"column":22}},"25":{"start":{"line":56,"column":40},"end":{"line":56,"column":55}},"26":{"start":{"line":58,"column":24},"end":{"line":58,"column":117}},"27":{"start":{"line":65,"column":20},"end":{"line":65,"column":39}},"28":{"start":{"line":67,"column":4},"end":{"line":111,"column":6}}},"fnMap":{"0":{"name":"Login","decl":{"start":{"line":4,"column":9},"end":{"line":4,"column":14}},"loc":{"start":{"line":4,"column":22},"end":{"line":115,"column":1}},"line":4},"1":{"name":"(anonymous_1)","decl":{"start":{"line":11,"column":30},"end":{"line":11,"column":31}},"loc":{"start":{"line":11,"column":41},"end":{"line":18,"column":5}},"line":11},"2":{"name":"(anonymous_2)","decl":{"start":{"line":20,"column":25},"end":{"line":20,"column":26}},"loc":{"start":{"line":20,"column":36},"end":{"line":63,"column":5}},"line":20},"3":{"name":"(anonymous_3)","decl":{"start":{"line":34,"column":18},"end":{"line":34,"column":19}},"loc":{"start":{"line":34,"column":32},"end":{"line":40,"column":13}},"line":34},"4":{"name":"(anonymous_4)","decl":{"start":{"line":41,"column":18},"end":{"line":41,"column":19}},"loc":{"start":{"line":41,"column":28},"end":{"line":61,"column":13}},"line":41},"5":{"name":"(anonymous_5)","decl":{"start":{"line":43,"column":40},"end":{"line":43,"column":41}},"loc":{"start":{"line":43,"column":50},"end":{"line":43,"column":78}},"line":43},"6":{"name":"(anonymous_6)","decl":{"start":{"line":56,"column":26},"end":{"line":56,"column":27}},"loc":{"start":{"line":56,"column":40},"end":{"line":56,"column":55}},"line":56},"7":{"name":"(anonymous_7)","decl":{"start":{"line":57,"column":26},"end":{"line":57,"column":27}},"loc":{"start":{"line":57,"column":36},"end":{"line":59,"column":21}},"line":57}},"branchMap":{"0":{"loc":{"start":{"line":13,"column":8},"end":{"line":17,"column":9}},"type":"if","locations":[{"start":{"line":13,"column":8},"end":{"line":17,"column":9}},{"start":{"line":15,"column":15},"end":{"line":17,"column":9}}],"line":13},"1":{"loc":{"start":{"line":15,"column":15},"end":{"line":17,"column":9}},"type":"if","locations":[{"start":{"line":15,"column":15},"end":{"line":17,"column":9}},{"start":{},"end":{}}],"line":15},"2":{"loc":{"start":{"line":25,"column":8},"end":{"line":62,"column":9}},"type":"if","locations":[{"start":{"line":25,"column":8},"end":{"line":62,"column":9}},{"start":{"line":27,"column":15},"end":{"line":62,"column":9}}],"line":25},"3":{"loc":{"start":{"line":25,"column":12},"end":{"line":25,"column":61}},"type":"binary-expr","locations":[{"start":{"line":25,"column":12},"end":{"line":25,"column":34}},{"start":{"line":25,"column":38},"end":{"line":25,"column":61}}],"line":25},"4":{"loc":{"start":{"line":35,"column":16},"end":{"line":39,"column":17}},"type":"if","locations":[{"start":{"line":35,"column":16},"end":{"line":39,"column":17}},{"start":{"line":37,"column":23},"end":{"line":39,"column":17}}],"line":35},"5":{"loc":{"start":{"line":42,"column":16},"end":{"line":60,"column":17}},"type":"if","locations":[{"start":{"line":42,"column":16},"end":{"line":60,"column":17}},{"start":{},"end":{}}],"line":42},"6":{"loc":{"start":{"line":42,"column":20},"end":{"line":42,"column":38}},"type":"binary-expr","locations":[{"start":{"line":42,"column":20},"end":{"line":42,"column":30}},{"start":{"line":42,"column":34},"end":{"line":42,"column":38}}],"line":42},"7":{"loc":{"start":{"line":102,"column":17},"end":{"line":102,"column":91}},"type":"cond-expr","locations":[{"start":{"line":102,"column":28},"end":{"line":102,"column":35}},{"start":{"line":102,"column":38},"end":{"line":102,"column":91}}],"line":102},"8":{"loc":{"start":{"line":103,"column":17},"end":{"line":103,"column":93}},"type":"cond-expr","locations":[{"start":{"line":103,"column":26},"end":{"line":103,"column":83}},{"start":{"line":103,"column":86},"end":{"line":103,"column":93}}],"line":103},"9":{"loc":{"start":{"line":104,"column":17},"end":{"line":104,"column":92}},"type":"cond-expr","locations":[{"start":{"line":104,"column":30},"end":{"line":104,"column":37}},{"start":{"line":104,"column":40},"end":{"line":104,"column":92}}],"line":104}},"s":{"0":8,"1":8,"2":8,"3":8,"4":8,"5":8,"6":2,"7":2,"8":1,"9":1,"10":1,"11":8,"12":1,"13":1,"14":1,"15":1,"16":0,"17":1,"18":1,"19":0,"20":1,"21":1,"22":1,"23":2,"24":1,"25":1,"26":1,"27":8,"28":8},"f":{"0":8,"1":2,"2":1,"3":1,"4":1,"5":2,"6":1,"7":1},"b":{"0":[1,1],"1":[1,0],"2":[0,1],"3":[1,1],"4":[0,1],"5":[1,0],"6":[1,1],"7":[8,0],"8":[0,8],"9":[8,0]},"_coverageSchema":"1a1c01bbd47fc00a2c39e90264f33305004495a9","hash":"22498fcb5ca4573ebb2b28d838c5442bafe87afc"}
,"/home/weronika/IO/IO-project/reactapp/src/Poker.js": {"path":"/home/weronika/IO/IO-project/reactapp/src/Poker.js","statementMap":{"0":{"start":{"line":9,"column":8},"end":{"line":18,"column":9}},"1":{"start":{"line":22,"column":18},"end":{"line":342,"column":1}},"2":{"start":{"line":23,"column":38},"end":{"line":23,"column":53}},"3":{"start":{"line":25,"column":27},"end":{"line":25,"column":44}},"4":{"start":{"line":26,"column":20},"end":{"line":26,"column":47}},"5":{"start":{"line":27,"column":26},"end":{"line":27,"column":59}},"6":{"start":{"line":28,"column":38},"end":{"line":28,"column":49}},"7":{"start":{"line":29,"column":35},"end":{"line":29,"column":47}},"8":{"start":{"line":30,"column":34},"end":{"line":30,"column":45}},"9":{"start":{"line":31,"column":36},"end":{"line":31,"column":47}},"10":{"start":{"line":32,"column":44},"end":{"line":32,"column":59}},"11":{"start":{"line":33,"column":38},"end":{"line":33,"column":53}},"12":{"start":{"line":34,"column":54},"end":{"line":34,"column":69}},"13":{"start":{"line":35,"column":26},"end":{"line":35,"column":37}},"14":{"start":{"line":37,"column":22},"end":{"line":37,"column":24}},"15":{"start":{"line":38,"column":29},"end":{"line":38,"column":32}},"16":{"start":{"line":40,"column":32},"end":{"line":45,"column":5}},"17":{"start":{"line":47,"column":40},"end":{"line":49,"column":5}},"18":{"start":{"line":51,"column":24},"end":{"line":51,"column":40}},"19":{"start":{"line":52,"column":29},"end":{"line":52,"column":85}},"20":{"start":{"line":54,"column":4},"end":{"line":109,"column":10}},"21":{"start":{"line":55,"column":25},"end":{"line":55,"column":56}},"22":{"start":{"line":56,"column":8},"end":{"line":63,"column":10}},"23":{"start":{"line":57,"column":12},"end":{"line":57,"column":58}},"24":{"start":{"line":59,"column":12},"end":{"line":62,"column":16}},"25":{"start":{"line":65,"column":8},"end":{"line":73,"column":10}},"26":{"start":{"line":66,"column":12},"end":{"line":66,"column":53}},"27":{"start":{"line":67,"column":12},"end":{"line":72,"column":13}},"28":{"start":{"line":68,"column":16},"end":{"line":68,"column":47}},"29":{"start":{"line":69,"column":16},"end":{"line":71,"column":25}},"30":{"start":{"line":70,"column":20},"end":{"line":70,"column":50}},"31":{"start":{"line":75,"column":8},"end":{"line":83,"column":10}},"32":{"start":{"line":78,"column":23},"end":{"line":78,"column":41}},"33":{"start":{"line":79,"column":12},"end":{"line":79,"column":35}},"34":{"start":{"line":80,"column":26},"end":{"line":80,"column":41}},"35":{"start":{"line":81,"column":24},"end":{"line":81,"column":37}},"36":{"start":{"line":82,"column":12},"end":{"line":82,"column":36}},"37":{"start":{"line":85,"column":27},"end":{"line":85,"column":58}},"38":{"start":{"line":86,"column":8},"end":{"line":96,"column":9}},"39":{"start":{"line":87,"column":12},"end":{"line":87,"column":36}},"40":{"start":{"line":88,"column":12},"end":{"line":91,"column":16}},"41":{"start":{"line":92,"column":12},"end":{"line":92,"column":32}},"42":{"start":{"line":93,"column":12},"end":{"line":95,"column":15}},"43":{"start":{"line":98,"column":26},"end":{"line":98,"column":63}},"44":{"start":{"line":99,"column":8},"end":{"line":104,"column":9}},"45":{"start":{"line":100,"column":12},"end":{"line":103,"column":16}},"46":{"start":{"line":106,"column":8},"end":{"line":108,"column":9}},"47":{"start":{"line":107,"column":12},"end":{"line":107,"column":32}},"48":{"start":{"line":111,"column":24},"end":{"line":114,"column":5}},"49":{"start":{"line":112,"column":8},"end":{"line":112,"column":21}},"50":{"start":{"line":113,"column":8},"end":{"line":113,"column":24}},"51":{"start":{"line":116,"column":23},"end":{"line":144,"column":5}},"52":{"start":{"line":117,"column":8},"end":{"line":143,"column":10}},"53":{"start":{"line":124,"column":12},"end":{"line":128,"column":13}},"54":{"start":{"line":125,"column":16},"end":{"line":125,"column":28}},"55":{"start":{"line":127,"column":16},"end":{"line":127,"column":39}},"56":{"start":{"line":131,"column":12},"end":{"line":142,"column":13}},"57":{"start":{"line":132,"column":16},"end":{"line":132,"column":49}},"58":{"start":{"line":133,"column":16},"end":{"line":133,"column":34}},"59":{"start":{"line":134,"column":16},"end":{"line":134,"column":56}},"60":{"start":{"line":135,"column":16},"end":{"line":135,"column":52}},"61":{"start":{"line":136,"column":16},"end":{"line":136,"column":59}},"62":{"start":{"line":137,"column":16},"end":{"line":137,"column":33}},"63":{"start":{"line":138,"column":16},"end":{"line":138,"column":42}},"64":{"start":{"line":141,"column":16},"end":{"line":141,"column":45}},"65":{"start":{"line":146,"column":26},"end":{"line":175,"column":5}},"66":{"start":{"line":147,"column":8},"end":{"line":174,"column":10}},"67":{"start":{"line":154,"column":12},"end":{"line":158,"column":13}},"68":{"start":{"line":155,"column":16},"end":{"line":155,"column":28}},"69":{"start":{"line":157,"column":16},"end":{"line":157,"column":39}},"70":{"start":{"line":161,"column":26},"end":{"line":161,"column":86}},"71":{"start":{"line":162,"column":12},"end":{"line":172,"column":13}},"72":{"start":{"line":163,"column":16},"end":{"line":171,"column":17}},"73":{"start":{"line":163,"column":29},"end":{"line":163,"column":30}},"74":{"start":{"line":164,"column":38},"end":{"line":169,"column":21}},"75":{"start":{"line":170,"column":20},"end":{"line":170,"column":81}},"76":{"start":{"line":173,"column":12},"end":{"line":173,"column":35}},"77":{"start":{"line":177,"column":4},"end":{"line":179,"column":10}},"78":{"start":{"line":178,"column":8},"end":{"line":178,"column":24}},"79":{"start":{"line":181,"column":24},"end":{"line":183,"column":5}},"80":{"start":{"line":182,"column":8},"end":{"line":182,"column":33}},"81":{"start":{"line":185,"column":22},"end":{"line":185,"column":59}},"82":{"start":{"line":187,"column":20},"end":{"line":208,"column":5}},"83":{"start":{"line":188,"column":8},"end":{"line":188,"column":46}},"84":{"start":{"line":189,"column":8},"end":{"line":189,"column":22}},"85":{"start":{"line":190,"column":8},"end":{"line":207,"column":9}},"86":{"start":{"line":192,"column":27},"end":{"line":192,"column":46}},"87":{"start":{"line":193,"column":16},"end":{"line":193,"column":49}},"88":{"start":{"line":195,"column":31},"end":{"line":195,"column":44}},"89":{"start":{"line":196,"column":16},"end":{"line":196,"column":37}},"90":{"start":{"line":198,"column":16},"end":{"line":198,"column":22}},"91":{"start":{"line":200,"column":16},"end":{"line":200,"column":22}},"92":{"start":{"line":202,"column":16},"end":{"line":202,"column":22}},"93":{"start":{"line":204,"column":16},"end":{"line":204,"column":22}},"94":{"start":{"line":206,"column":16},"end":{"line":206,"column":40}},"95":{"start":{"line":210,"column":20},"end":{"line":213,"column":5}},"96":{"start":{"line":211,"column":8},"end":{"line":211,"column":31}},"97":{"start":{"line":212,"column":8},"end":{"line":212,"column":36}},"98":{"start":{"line":215,"column":19},"end":{"line":218,"column":5}},"99":{"start":{"line":216,"column":8},"end":{"line":216,"column":27}},"100":{"start":{"line":217,"column":8},"end":{"line":217,"column":35}},"101":{"start":{"line":220,"column":19},"end":{"line":232,"column":5}},"102":{"start":{"line":221,"column":8},"end":{"line":221,"column":63}},"103":{"start":{"line":222,"column":8},"end":{"line":224,"column":9}},"104":{"start":{"line":223,"column":12},"end":{"line":223,"column":19}},"105":{"start":{"line":226,"column":24},"end":{"line":230,"column":10}},"106":{"start":{"line":231,"column":8},"end":{"line":231,"column":40}},"107":{"start":{"line":234,"column":20},"end":{"line":245,"column":5}},"108":{"start":{"line":235,"column":8},"end":{"line":235,"column":58}},"109":{"start":{"line":236,"column":8},"end":{"line":238,"column":9}},"110":{"start":{"line":237,"column":12},"end":{"line":237,"column":19}},"111":{"start":{"line":239,"column":24},"end":{"line":243,"column":10}},"112":{"start":{"line":244,"column":8},"end":{"line":244,"column":40}},"113":{"start":{"line":247,"column":24},"end":{"line":249,"column":5}},"114":{"start":{"line":248,"column":8},"end":{"line":248,"column":40}},"115":{"start":{"line":251,"column":23},"end":{"line":267,"column":5}},"116":{"start":{"line":252,"column":8},"end":{"line":252,"column":89}},"117":{"start":{"line":253,"column":8},"end":{"line":255,"column":9}},"118":{"start":{"line":254,"column":12},"end":{"line":254,"column":19}},"119":{"start":{"line":256,"column":28},"end":{"line":256,"column":65}},"120":{"start":{"line":257,"column":8},"end":{"line":260,"column":9}},"121":{"start":{"line":258,"column":12},"end":{"line":258,"column":45}},"122":{"start":{"line":259,"column":12},"end":{"line":259,"column":19}},"123":{"start":{"line":261,"column":24},"end":{"line":265,"column":10}},"124":{"start":{"line":266,"column":8},"end":{"line":266,"column":40}},"125":{"start":{"line":269,"column":25},"end":{"line":278,"column":5}},"126":{"start":{"line":269,"column":45},"end":{"line":278,"column":5}},"127":{"start":{"line":270,"column":8},"end":{"line":270,"column":49}},"128":{"start":{"line":271,"column":8},"end":{"line":277,"column":9}},"129":{"start":{"line":272,"column":28},"end":{"line":275,"column":14}},"130":{"start":{"line":276,"column":12},"end":{"line":276,"column":43}},"131":{"start":{"line":280,"column":4},"end":{"line":341,"column":5}}},"fnMap":{"0":{"name":"(anonymous_0)","decl":{"start":{"line":8,"column":4},"end":{"line":8,"column":5}},"loc":{"start":{"line":8,"column":13},"end":{"line":19,"column":5}},"line":8},"1":{"name":"(anonymous_1)","decl":{"start":{"line":22,"column":18},"end":{"line":22,"column":19}},"loc":{"start":{"line":22,"column":24},"end":{"line":342,"column":1}},"line":22},"2":{"name":"(anonymous_2)","decl":{"start":{"line":54,"column":14},"end":{"line":54,"column":15}},"loc":{"start":{"line":54,"column":20},"end":{"line":109,"column":5}},"line":54},"3":{"name":"open","decl":{"start":{"line":56,"column":37},"end":{"line":56,"column":41}},"loc":{"start":{"line":56,"column":44},"end":{"line":63,"column":9}},"line":56},"4":{"name":"(anonymous_4)","decl":{"start":{"line":65,"column":29},"end":{"line":65,"column":30}},"loc":{"start":{"line":65,"column":42},"end":{"line":73,"column":9}},"line":65},"5":{"name":"(anonymous_5)","decl":{"start":{"line":69,"column":27},"end":{"line":69,"column":28}},"loc":{"start":{"line":69,"column":39},"end":{"line":71,"column":17}},"line":69},"6":{"name":"(anonymous_6)","decl":{"start":{"line":75,"column":31},"end":{"line":75,"column":32}},"loc":{"start":{"line":75,"column":44},"end":{"line":83,"column":9}},"line":75},"7":{"name":"(anonymous_7)","decl":{"start":{"line":86,"column":29},"end":{"line":86,"column":30}},"loc":{"start":{"line":86,"column":40},"end":{"line":96,"column":9}},"line":86},"8":{"name":"(anonymous_8)","decl":{"start":{"line":99,"column":25},"end":{"line":99,"column":26}},"loc":{"start":{"line":99,"column":50},"end":{"line":104,"column":9}},"line":99},"9":{"name":"(anonymous_9)","decl":{"start":{"line":111,"column":24},"end":{"line":111,"column":25}},"loc":{"start":{"line":111,"column":30},"end":{"line":114,"column":5}},"line":111},"10":{"name":"(anonymous_10)","decl":{"start":{"line":116,"column":23},"end":{"line":116,"column":24}},"loc":{"start":{"line":116,"column":29},"end":{"line":144,"column":5}},"line":116},"11":{"name":"(anonymous_11)","decl":{"start":{"line":123,"column":14},"end":{"line":123,"column":15}},"loc":{"start":{"line":123,"column":28},"end":{"line":129,"column":9}},"line":123},"12":{"name":"(anonymous_12)","decl":{"start":{"line":130,"column":14},"end":{"line":130,"column":15}},"loc":{"start":{"line":130,"column":24},"end":{"line":143,"column":9}},"line":130},"13":{"name":"(anonymous_13)","decl":{"start":{"line":146,"column":26},"end":{"line":146,"column":27}},"loc":{"start":{"line":146,"column":32},"end":{"line":175,"column":5}},"line":146},"14":{"name":"(anonymous_14)","decl":{"start":{"line":153,"column":14},"end":{"line":153,"column":15}},"loc":{"start":{"line":153,"column":28},"end":{"line":159,"column":9}},"line":153},"15":{"name":"(anonymous_15)","decl":{"start":{"line":160,"column":14},"end":{"line":160,"column":15}},"loc":{"start":{"line":160,"column":24},"end":{"line":174,"column":9}},"line":160},"16":{"name":"(anonymous_16)","decl":{"start":{"line":177,"column":14},"end":{"line":177,"column":15}},"loc":{"start":{"line":177,"column":20},"end":{"line":179,"column":5}},"line":177},"17":{"name":"(anonymous_17)","decl":{"start":{"line":181,"column":24},"end":{"line":181,"column":25}},"loc":{"start":{"line":181,"column":30},"end":{"line":183,"column":5}},"line":181},"18":{"name":"(anonymous_18)","decl":{"start":{"line":187,"column":20},"end":{"line":187,"column":21}},"loc":{"start":{"line":187,"column":40},"end":{"line":208,"column":5}},"line":187},"19":{"name":"(anonymous_19)","decl":{"start":{"line":210,"column":20},"end":{"line":210,"column":21}},"loc":{"start":{"line":210,"column":26},"end":{"line":213,"column":5}},"line":210},"20":{"name":"(anonymous_20)","decl":{"start":{"line":215,"column":19},"end":{"line":215,"column":20}},"loc":{"start":{"line":215,"column":25},"end":{"line":218,"column":5}},"line":215},"21":{"name":"(anonymous_21)","decl":{"start":{"line":220,"column":19},"end":{"line":220,"column":20}},"loc":{"start":{"line":220,"column":25},"end":{"line":232,"column":5}},"line":220},"22":{"name":"(anonymous_22)","decl":{"start":{"line":234,"column":20},"end":{"line":234,"column":21}},"loc":{"start":{"line":234,"column":26},"end":{"line":245,"column":5}},"line":234},"23":{"name":"(anonymous_23)","decl":{"start":{"line":247,"column":24},"end":{"line":247,"column":25}},"loc":{"start":{"line":247,"column":35},"end":{"line":249,"column":5}},"line":247},"24":{"name":"(anonymous_24)","decl":{"start":{"line":251,"column":23},"end":{"line":251,"column":24}},"loc":{"start":{"line":251,"column":34},"end":{"line":267,"column":5}},"line":251},"25":{"name":"(anonymous_25)","decl":{"start":{"line":269,"column":25},"end":{"line":269,"column":26}},"loc":{"start":{"line":269,"column":45},"end":{"line":278,"column":5}},"line":269},"26":{"name":"(anonymous_26)","decl":{"start":{"line":269,"column":45},"end":{"line":269,"column":46}},"loc":{"start":{"line":269,"column":51},"end":{"line":278,"column":5}},"line":269}},"branchMap":{"0":{"loc":{"start":{"line":67,"column":12},"end":{"line":72,"column":13}},"type":"if","locations":[{"start":{"line":67,"column":12},"end":{"line":72,"column":13}},{"start":{},"end":{}}],"line":67},"1":{"loc":{"start":{"line":106,"column":8},"end":{"line":108,"column":9}},"type":"if","locations":[{"start":{"line":106,"column":8},"end":{"line":108,"column":9}},{"start":{},"end":{}}],"line":106},"2":{"loc":{"start":{"line":124,"column":12},"end":{"line":128,"column":13}},"type":"if","locations":[{"start":{"line":124,"column":12},"end":{"line":128,"column":13}},{"start":{"line":126,"column":19},"end":{"line":128,"column":13}}],"line":124},"3":{"loc":{"start":{"line":131,"column":12},"end":{"line":142,"column":13}},"type":"if","locations":[{"start":{"line":131,"column":12},"end":{"line":142,"column":13}},{"start":{"line":140,"column":17},"end":{"line":142,"column":13}}],"line":131},"4":{"loc":{"start":{"line":154,"column":12},"end":{"line":158,"column":13}},"type":"if","locations":[{"start":{"line":154,"column":12},"end":{"line":158,"column":13}},{"start":{"line":156,"column":19},"end":{"line":158,"column":13}}],"line":154},"5":{"loc":{"start":{"line":162,"column":12},"end":{"line":172,"column":13}},"type":"if","locations":[{"start":{"line":162,"column":12},"end":{"line":172,"column":13}},{"start":{},"end":{}}],"line":162},"6":{"loc":{"start":{"line":190,"column":8},"end":{"line":207,"column":9}},"type":"switch","locations":[{"start":{"line":191,"column":12},"end":{"line":198,"column":22}},{"start":{"line":199,"column":12},"end":{"line":200,"column":22}},{"start":{"line":201,"column":12},"end":{"line":202,"column":22}},{"start":{"line":203,"column":12},"end":{"line":204,"column":22}},{"start":{"line":205,"column":12},"end":{"line":206,"column":40}}],"line":190},"7":{"loc":{"start":{"line":222,"column":8},"end":{"line":224,"column":9}},"type":"if","locations":[{"start":{"line":222,"column":8},"end":{"line":224,"column":9}},{"start":{},"end":{}}],"line":222},"8":{"loc":{"start":{"line":236,"column":8},"end":{"line":238,"column":9}},"type":"if","locations":[{"start":{"line":236,"column":8},"end":{"line":238,"column":9}},{"start":{},"end":{}}],"line":236},"9":{"loc":{"start":{"line":253,"column":8},"end":{"line":255,"column":9}},"type":"if","locations":[{"start":{"line":253,"column":8},"end":{"line":255,"column":9}},{"start":{},"end":{}}],"line":253},"10":{"loc":{"start":{"line":253,"column":12},"end":{"line":253,"column":60}},"type":"binary-expr","locations":[{"start":{"line":253,"column":12},"end":{"line":253,"column":38}},{"start":{"line":253,"column":42},"end":{"line":253,"column":60}}],"line":253},"11":{"loc":{"start":{"line":257,"column":8},"end":{"line":260,"column":9}},"type":"if","locations":[{"start":{"line":257,"column":8},"end":{"line":260,"column":9}},{"start":{},"end":{}}],"line":257},"12":{"loc":{"start":{"line":271,"column":8},"end":{"line":277,"column":9}},"type":"if","locations":[{"start":{"line":271,"column":8},"end":{"line":277,"column":9}},{"start":{},"end":{}}],"line":271},"13":{"loc":{"start":{"line":271,"column":12},"end":{"line":271,"column":51}},"type":"binary-expr","locations":[{"start":{"line":271,"column":12},"end":{"line":271,"column":30}},{"start":{"line":271,"column":34},"end":{"line":271,"column":51}}],"line":271},"14":{"loc":{"start":{"line":315,"column":32},"end":{"line":315,"column":67}},"type":"cond-expr","locations":[{"start":{"line":315,"column":43},"end":{"line":315,"column":56}},{"start":{"line":315,"column":59},"end":{"line":315,"column":67}}],"line":315},"15":{"loc":{"start":{"line":321,"column":24},"end":{"line":321,"column":172}},"type":"binary-expr","locations":[{"start":{"line":321,"column":24},"end":{"line":321,"column":42}},{"start":{"line":321,"column":46},"end":{"line":321,"column":66}},{"start":{"line":321,"column":70},"end":{"line":321,"column":172}}],"line":321},"16":{"loc":{"start":{"line":324,"column":21},"end":{"line":324,"column":164}},"type":"binary-expr","locations":[{"start":{"line":324,"column":21},"end":{"line":324,"column":39}},{"start":{"line":324,"column":43},"end":{"line":324,"column":61}},{"start":{"line":324,"column":65},"end":{"line":324,"column":164}}],"line":324}},"s":{"0":21,"1":2,"2":2,"3":2,"4":2,"5":2,"6":2,"7":2,"8":2,"9":2,"10":2,"11":2,"12":2,"13":2,"14":2,"15":2,"16":2,"17":2,"18":2,"19":2,"20":2,"21":2,"22":2,"23":0,"24":0,"25":2,"26":0,"27":0,"28":0,"29":0,"30":0,"31":2,"32":0,"33":0,"34":0,"35":0,"36":0,"37":2,"38":2,"39":0,"40":0,"41":0,"42":0,"43":2,"44":2,"45":0,"46":2,"47":0,"48":2,"49":0,"50":0,"51":2,"52":0,"53":0,"54":0,"55":0,"56":0,"57":0,"58":0,"59":0,"60":0,"61":0,"62":0,"63":0,"64":0,"65":2,"66":2,"67":0,"68":0,"69":0,"70":0,"71":0,"72":0,"73":0,"74":0,"75":0,"76":0,"77":2,"78":2,"79":2,"80":0,"81":2,"82":2,"83":0,"84":0,"85":0,"86":0,"87":0,"88":0,"89":0,"90":0,"91":0,"92":0,"93":0,"94":0,"95":2,"96":0,"97":0,"98":2,"99":0,"100":0,"101":2,"102":0,"103":0,"104":0,"105":0,"106":0,"107":2,"108":0,"109":0,"110":0,"111":0,"112":0,"113":2,"114":0,"115":2,"116":0,"117":0,"118":0,"119":0,"120":0,"121":0,"122":0,"123":0,"124":0,"125":2,"126":20,"127":0,"128":0,"129":0,"130":0,"131":2},"f":{"0":21,"1":2,"2":2,"3":0,"4":0,"5":0,"6":0,"7":0,"8":0,"9":0,"10":0,"11":0,"12":0,"13":2,"14":0,"15":0,"16":2,"17":0,"18":0,"19":0,"20":0,"21":0,"22":0,"23":0,"24":0,"25":20,"26":0},"b":{"0":[0,0],"1":[0,2],"2":[0,0],"3":[0,0],"4":[0,0],"5":[0,0],"6":[0,0,0,0,0],"7":[0,0],"8":[0,0],"9":[0,0],"10":[0,0],"11":[0,0],"12":[0,0],"13":[0,0],"14":[0,2],"15":[2,0,0],"16":[2,0,0]},"_coverageSchema":"1a1c01bbd47fc00a2c39e90264f33305004495a9","hash":"3cf6f7bb55cf956c8d25725156117428d0628e0c"}
,"/home/weronika/IO/IO-project/reactapp/src/Rules.js": {"path":"/home/weronika/IO/IO-project/reactapp/src/Rules.js","statementMap":{"0":{"start":{"line":14,"column":1},"end":{"line":146,"column":8}},"1":{"start":{"line":150,"column":4},"end":{"line":300,"column":10}}},"fnMap":{"0":{"name":"RulesPoker","decl":{"start":{"line":13,"column":16},"end":{"line":13,"column":26}},"loc":{"start":{"line":13,"column":29},"end":{"line":147,"column":1}},"line":13},"1":{"name":"RulesTysiac","decl":{"start":{"line":149,"column":16},"end":{"line":149,"column":27}},"loc":{"start":{"line":149,"column":30},"end":{"line":300,"column":11}},"line":149}},"branchMap":{},"s":{"0":2,"1":3},"f":{"0":2,"1":3},"b":{},"_coverageSchema":"1a1c01bbd47fc00a2c39e90264f33305004495a9","hash":"06b15d05f45446f138dd503a2f9fd732aa5b94d5"}
,"/home/weronika/IO/IO-project/reactapp/src/Tysiac.js": {"path":"/home/weronika/IO/IO-project/reactapp/src/Tysiac.js","statementMap":{"0":{"start":{"line":9,"column":8},"end":{"line":18,"column":9}},"1":{"start":{"line":21,"column":19},"end":{"line":345,"column":1}},"2":{"start":{"line":23,"column":38},"end":{"line":23,"column":53}},"3":{"start":{"line":25,"column":27},"end":{"line":25,"column":44}},"4":{"start":{"line":26,"column":20},"end":{"line":26,"column":47}},"5":{"start":{"line":27,"column":35},"end":{"line":27,"column":47}},"6":{"start":{"line":28,"column":26},"end":{"line":28,"column":59}},"7":{"start":{"line":29,"column":38},"end":{"line":29,"column":49}},"8":{"start":{"line":30,"column":34},"end":{"line":30,"column":45}},"9":{"start":{"line":31,"column":36},"end":{"line":31,"column":47}},"10":{"start":{"line":32,"column":44},"end":{"line":32,"column":59}},"11":{"start":{"line":33,"column":54},"end":{"line":33,"column":69}},"12":{"start":{"line":34,"column":46},"end":{"line":34,"column":57}},"13":{"start":{"line":35,"column":55},"end":{"line":35,"column":70}},"14":{"start":{"line":37,"column":32},"end":{"line":42,"column":5}},"15":{"start":{"line":43,"column":22},"end":{"line":43,"column":23}},"16":{"start":{"line":44,"column":40},"end":{"line":46,"column":5}},"17":{"start":{"line":47,"column":24},"end":{"line":47,"column":40}},"18":{"start":{"line":48,"column":29},"end":{"line":48,"column":85}},"19":{"start":{"line":50,"column":4},"end":{"line":105,"column":10}},"20":{"start":{"line":51,"column":25},"end":{"line":51,"column":56}},"21":{"start":{"line":52,"column":8},"end":{"line":59,"column":10}},"22":{"start":{"line":53,"column":12},"end":{"line":53,"column":58}},"23":{"start":{"line":55,"column":12},"end":{"line":58,"column":16}},"24":{"start":{"line":61,"column":8},"end":{"line":69,"column":10}},"25":{"start":{"line":62,"column":12},"end":{"line":62,"column":53}},"26":{"start":{"line":63,"column":12},"end":{"line":68,"column":13}},"27":{"start":{"line":64,"column":16},"end":{"line":64,"column":47}},"28":{"start":{"line":65,"column":16},"end":{"line":67,"column":25}},"29":{"start":{"line":66,"column":20},"end":{"line":66,"column":50}},"30":{"start":{"line":71,"column":8},"end":{"line":79,"column":10}},"31":{"start":{"line":74,"column":23},"end":{"line":74,"column":41}},"32":{"start":{"line":75,"column":12},"end":{"line":75,"column":35}},"33":{"start":{"line":76,"column":26},"end":{"line":76,"column":41}},"34":{"start":{"line":77,"column":24},"end":{"line":77,"column":37}},"35":{"start":{"line":78,"column":12},"end":{"line":78,"column":36}},"36":{"start":{"line":81,"column":27},"end":{"line":81,"column":58}},"37":{"start":{"line":82,"column":8},"end":{"line":92,"column":9}},"38":{"start":{"line":83,"column":12},"end":{"line":83,"column":36}},"39":{"start":{"line":84,"column":12},"end":{"line":87,"column":16}},"40":{"start":{"line":88,"column":12},"end":{"line":88,"column":32}},"41":{"start":{"line":89,"column":12},"end":{"line":91,"column":15}},"42":{"start":{"line":94,"column":26},"end":{"line":94,"column":63}},"43":{"start":{"line":95,"column":8},"end":{"line":100,"column":9}},"44":{"start":{"line":96,"column":12},"end":{"line":99,"column":16}},"45":{"start":{"line":102,"column":8},"end":{"line":104,"column":9}},"46":{"start":{"line":103,"column":12},"end":{"line":103,"column":32}},"47":{"start":{"line":107,"column":24},"end":{"line":110,"column":5}},"48":{"start":{"line":108,"column":8},"end":{"line":108,"column":21}},"49":{"start":{"line":109,"column":8},"end":{"line":109,"column":24}},"50":{"start":{"line":112,"column":23},"end":{"line":137,"column":5}},"51":{"start":{"line":113,"column":8},"end":{"line":136,"column":10}},"52":{"start":{"line":120,"column":12},"end":{"line":124,"column":13}},"53":{"start":{"line":121,"column":16},"end":{"line":121,"column":28}},"54":{"start":{"line":123,"column":16},"end":{"line":123,"column":39}},"55":{"start":{"line":127,"column":12},"end":{"line":135,"column":13}},"56":{"start":{"line":128,"column":16},"end":{"line":128,"column":34}},"57":{"start":{"line":129,"column":16},"end":{"line":129,"column":56}},"58":{"start":{"line":130,"column":16},"end":{"line":130,"column":42}},"59":{"start":{"line":131,"column":16},"end":{"line":131,"column":59}},"60":{"start":{"line":134,"column":16},"end":{"line":134,"column":45}},"61":{"start":{"line":139,"column":26},"end":{"line":170,"column":5}},"62":{"start":{"line":140,"column":8},"end":{"line":169,"column":10}},"63":{"start":{"line":147,"column":12},"end":{"line":151,"column":13}},"64":{"start":{"line":148,"column":16},"end":{"line":148,"column":28}},"65":{"start":{"line":150,"column":16},"end":{"line":150,"column":39}},"66":{"start":{"line":154,"column":26},"end":{"line":154,"column":86}},"67":{"start":{"line":155,"column":12},"end":{"line":167,"column":13}},"68":{"start":{"line":156,"column":16},"end":{"line":166,"column":17}},"69":{"start":{"line":156,"column":29},"end":{"line":156,"column":30}},"70":{"start":{"line":157,"column":38},"end":{"line":164,"column":21}},"71":{"start":{"line":165,"column":20},"end":{"line":165,"column":81}},"72":{"start":{"line":168,"column":12},"end":{"line":168,"column":35}},"73":{"start":{"line":172,"column":4},"end":{"line":174,"column":10}},"74":{"start":{"line":173,"column":8},"end":{"line":173,"column":24}},"75":{"start":{"line":176,"column":24},"end":{"line":178,"column":5}},"76":{"start":{"line":177,"column":8},"end":{"line":177,"column":33}},"77":{"start":{"line":180,"column":22},"end":{"line":180,"column":59}},"78":{"start":{"line":182,"column":20},"end":{"line":210,"column":5}},"79":{"start":{"line":183,"column":8},"end":{"line":183,"column":46}},"80":{"start":{"line":184,"column":8},"end":{"line":184,"column":22}},"81":{"start":{"line":185,"column":8},"end":{"line":209,"column":9}},"82":{"start":{"line":187,"column":27},"end":{"line":187,"column":46}},"83":{"start":{"line":188,"column":16},"end":{"line":188,"column":49}},"84":{"start":{"line":189,"column":16},"end":{"line":189,"column":37}},"85":{"start":{"line":190,"column":16},"end":{"line":190,"column":47}},"86":{"start":{"line":191,"column":31},"end":{"line":191,"column":44}},"87":{"start":{"line":192,"column":16},"end":{"line":192,"column":38}},"88":{"start":{"line":193,"column":16},"end":{"line":197,"column":17}},"89":{"start":{"line":194,"column":20},"end":{"line":194,"column":44}},"90":{"start":{"line":195,"column":20},"end":{"line":195,"column":56}},"91":{"start":{"line":196,"column":20},"end":{"line":196,"column":48}},"92":{"start":{"line":198,"column":16},"end":{"line":198,"column":22}},"93":{"start":{"line":200,"column":16},"end":{"line":200,"column":38}},"94":{"start":{"line":202,"column":16},"end":{"line":202,"column":34}},"95":{"start":{"line":203,"column":16},"end":{"line":203,"column":22}},"96":{"start":{"line":205,"column":16},"end":{"line":205,"column":35}},"97":{"start":{"line":206,"column":16},"end":{"line":206,"column":22}},"98":{"start":{"line":208,"column":16},"end":{"line":208,"column":40}},"99":{"start":{"line":212,"column":20},"end":{"line":215,"column":5}},"100":{"start":{"line":213,"column":8},"end":{"line":213,"column":31}},"101":{"start":{"line":214,"column":8},"end":{"line":214,"column":37}},"102":{"start":{"line":217,"column":19},"end":{"line":229,"column":5}},"103":{"start":{"line":218,"column":8},"end":{"line":218,"column":63}},"104":{"start":{"line":219,"column":8},"end":{"line":221,"column":9}},"105":{"start":{"line":220,"column":12},"end":{"line":220,"column":19}},"106":{"start":{"line":223,"column":24},"end":{"line":227,"column":10}},"107":{"start":{"line":228,"column":8},"end":{"line":228,"column":41}},"108":{"start":{"line":231,"column":24},"end":{"line":233,"column":5}},"109":{"start":{"line":232,"column":8},"end":{"line":232,"column":40}},"110":{"start":{"line":235,"column":23},"end":{"line":246,"column":5}},"111":{"start":{"line":236,"column":8},"end":{"line":236,"column":79}},"112":{"start":{"line":237,"column":8},"end":{"line":239,"column":9}},"113":{"start":{"line":238,"column":12},"end":{"line":238,"column":19}},"114":{"start":{"line":240,"column":24},"end":{"line":244,"column":10}},"115":{"start":{"line":245,"column":8},"end":{"line":245,"column":41}},"116":{"start":{"line":248,"column":24},"end":{"line":270,"column":5}},"117":{"start":{"line":249,"column":8},"end":{"line":249,"column":32}},"118":{"start":{"line":250,"column":26},"end":{"line":250,"column":59}},"119":{"start":{"line":251,"column":26},"end":{"line":251,"column":59}},"120":{"start":{"line":252,"column":26},"end":{"line":252,"column":57}},"121":{"start":{"line":253,"column":26},"end":{"line":253,"column":57}},"122":{"start":{"line":254,"column":24},"end":{"line":257,"column":11}},"123":{"start":{"line":258,"column":8},"end":{"line":262,"column":9}},"124":{"start":{"line":259,"column":30},"end":{"line":259,"column":63}},"125":{"start":{"line":260,"column":30},"end":{"line":260,"column":61}},"126":{"start":{"line":261,"column":12},"end":{"line":261,"column":56}},"127":{"start":{"line":263,"column":8},"end":{"line":263,"column":29}},"128":{"start":{"line":264,"column":8},"end":{"line":269,"column":9}},"129":{"start":{"line":265,"column":28},"end":{"line":267,"column":14}},"130":{"start":{"line":268,"column":12},"end":{"line":268,"column":44}},"131":{"start":{"line":272,"column":4},"end":{"line":344,"column":8}},"132":{"start":{"line":340,"column":39},"end":{"line":340,"column":52}}},"fnMap":{"0":{"name":"(anonymous_0)","decl":{"start":{"line":8,"column":4},"end":{"line":8,"column":5}},"loc":{"start":{"line":8,"column":13},"end":{"line":19,"column":5}},"line":8},"1":{"name":"(anonymous_1)","decl":{"start":{"line":21,"column":19},"end":{"line":21,"column":20}},"loc":{"start":{"line":21,"column":25},"end":{"line":345,"column":1}},"line":21},"2":{"name":"(anonymous_2)","decl":{"start":{"line":50,"column":14},"end":{"line":50,"column":15}},"loc":{"start":{"line":50,"column":20},"end":{"line":105,"column":5}},"line":50},"3":{"name":"open","decl":{"start":{"line":52,"column":37},"end":{"line":52,"column":41}},"loc":{"start":{"line":52,"column":44},"end":{"line":59,"column":9}},"line":52},"4":{"name":"(anonymous_4)","decl":{"start":{"line":61,"column":29},"end":{"line":61,"column":30}},"loc":{"start":{"line":61,"column":42},"end":{"line":69,"column":9}},"line":61},"5":{"name":"(anonymous_5)","decl":{"start":{"line":65,"column":27},"end":{"line":65,"column":28}},"loc":{"start":{"line":65,"column":39},"end":{"line":67,"column":17}},"line":65},"6":{"name":"(anonymous_6)","decl":{"start":{"line":71,"column":31},"end":{"line":71,"column":32}},"loc":{"start":{"line":71,"column":44},"end":{"line":79,"column":9}},"line":71},"7":{"name":"(anonymous_7)","decl":{"start":{"line":82,"column":29},"end":{"line":82,"column":30}},"loc":{"start":{"line":82,"column":40},"end":{"line":92,"column":9}},"line":82},"8":{"name":"(anonymous_8)","decl":{"start":{"line":95,"column":25},"end":{"line":95,"column":26}},"loc":{"start":{"line":95,"column":50},"end":{"line":100,"column":9}},"line":95},"9":{"name":"(anonymous_9)","decl":{"start":{"line":107,"column":24},"end":{"line":107,"column":25}},"loc":{"start":{"line":107,"column":30},"end":{"line":110,"column":5}},"line":107},"10":{"name":"(anonymous_10)","decl":{"start":{"line":112,"column":23},"end":{"line":112,"column":24}},"loc":{"start":{"line":112,"column":29},"end":{"line":137,"column":5}},"line":112},"11":{"name":"(anonymous_11)","decl":{"start":{"line":119,"column":14},"end":{"line":119,"column":15}},"loc":{"start":{"line":119,"column":28},"end":{"line":125,"column":9}},"line":119},"12":{"name":"(anonymous_12)","decl":{"start":{"line":126,"column":14},"end":{"line":126,"column":15}},"loc":{"start":{"line":126,"column":24},"end":{"line":136,"column":9}},"line":126},"13":{"name":"(anonymous_13)","decl":{"start":{"line":139,"column":26},"end":{"line":139,"column":27}},"loc":{"start":{"line":139,"column":32},"end":{"line":170,"column":5}},"line":139},"14":{"name":"(anonymous_14)","decl":{"start":{"line":146,"column":14},"end":{"line":146,"column":15}},"loc":{"start":{"line":146,"column":28},"end":{"line":152,"column":9}},"line":146},"15":{"name":"(anonymous_15)","decl":{"start":{"line":153,"column":14},"end":{"line":153,"column":15}},"loc":{"start":{"line":153,"column":24},"end":{"line":169,"column":9}},"line":153},"16":{"name":"(anonymous_16)","decl":{"start":{"line":172,"column":14},"end":{"line":172,"column":15}},"loc":{"start":{"line":172,"column":20},"end":{"line":174,"column":5}},"line":172},"17":{"name":"(anonymous_17)","decl":{"start":{"line":176,"column":24},"end":{"line":176,"column":25}},"loc":{"start":{"line":176,"column":30},"end":{"line":178,"column":5}},"line":176},"18":{"name":"(anonymous_18)","decl":{"start":{"line":182,"column":20},"end":{"line":182,"column":21}},"loc":{"start":{"line":182,"column":40},"end":{"line":210,"column":5}},"line":182},"19":{"name":"(anonymous_19)","decl":{"start":{"line":212,"column":20},"end":{"line":212,"column":21}},"loc":{"start":{"line":212,"column":26},"end":{"line":215,"column":5}},"line":212},"20":{"name":"(anonymous_20)","decl":{"start":{"line":217,"column":19},"end":{"line":217,"column":20}},"loc":{"start":{"line":217,"column":25},"end":{"line":229,"column":5}},"line":217},"21":{"name":"(anonymous_21)","decl":{"start":{"line":231,"column":24},"end":{"line":231,"column":25}},"loc":{"start":{"line":231,"column":35},"end":{"line":233,"column":5}},"line":231},"22":{"name":"(anonymous_22)","decl":{"start":{"line":235,"column":23},"end":{"line":235,"column":24}},"loc":{"start":{"line":235,"column":34},"end":{"line":246,"column":5}},"line":235},"23":{"name":"(anonymous_23)","decl":{"start":{"line":248,"column":24},"end":{"line":248,"column":25}},"loc":{"start":{"line":248,"column":30},"end":{"line":270,"column":5}},"line":248},"24":{"name":"(anonymous_24)","decl":{"start":{"line":340,"column":33},"end":{"line":340,"column":34}},"loc":{"start":{"line":340,"column":39},"end":{"line":340,"column":52}},"line":340}},"branchMap":{"0":{"loc":{"start":{"line":63,"column":12},"end":{"line":68,"column":13}},"type":"if","locations":[{"start":{"line":63,"column":12},"end":{"line":68,"column":13}},{"start":{},"end":{}}],"line":63},"1":{"loc":{"start":{"line":102,"column":8},"end":{"line":104,"column":9}},"type":"if","locations":[{"start":{"line":102,"column":8},"end":{"line":104,"column":9}},{"start":{},"end":{}}],"line":102},"2":{"loc":{"start":{"line":120,"column":12},"end":{"line":124,"column":13}},"type":"if","locations":[{"start":{"line":120,"column":12},"end":{"line":124,"column":13}},{"start":{"line":122,"column":19},"end":{"line":124,"column":13}}],"line":120},"3":{"loc":{"start":{"line":127,"column":12},"end":{"line":135,"column":13}},"type":"if","locations":[{"start":{"line":127,"column":12},"end":{"line":135,"column":13}},{"start":{"line":133,"column":17},"end":{"line":135,"column":13}}],"line":127},"4":{"loc":{"start":{"line":147,"column":12},"end":{"line":151,"column":13}},"type":"if","locations":[{"start":{"line":147,"column":12},"end":{"line":151,"column":13}},{"start":{"line":149,"column":19},"end":{"line":151,"column":13}}],"line":147},"5":{"loc":{"start":{"line":155,"column":12},"end":{"line":167,"column":13}},"type":"if","locations":[{"start":{"line":155,"column":12},"end":{"line":167,"column":13}},{"start":{},"end":{}}],"line":155},"6":{"loc":{"start":{"line":185,"column":8},"end":{"line":209,"column":9}},"type":"switch","locations":[{"start":{"line":186,"column":12},"end":{"line":198,"column":22}},{"start":{"line":199,"column":12},"end":{"line":203,"column":22}},{"start":{"line":204,"column":12},"end":{"line":206,"column":22}},{"start":{"line":207,"column":12},"end":{"line":208,"column":40}}],"line":185},"7":{"loc":{"start":{"line":193,"column":16},"end":{"line":197,"column":17}},"type":"if","locations":[{"start":{"line":193,"column":16},"end":{"line":197,"column":17}},{"start":{},"end":{}}],"line":193},"8":{"loc":{"start":{"line":193,"column":19},"end":{"line":193,"column":67}},"type":"binary-expr","locations":[{"start":{"line":193,"column":19},"end":{"line":193,"column":38}},{"start":{"line":193,"column":42},"end":{"line":193,"column":67}}],"line":193},"9":{"loc":{"start":{"line":219,"column":8},"end":{"line":221,"column":9}},"type":"if","locations":[{"start":{"line":219,"column":8},"end":{"line":221,"column":9}},{"start":{},"end":{}}],"line":219},"10":{"loc":{"start":{"line":237,"column":8},"end":{"line":239,"column":9}},"type":"if","locations":[{"start":{"line":237,"column":8},"end":{"line":239,"column":9}},{"start":{},"end":{}}],"line":237},"11":{"loc":{"start":{"line":237,"column":12},"end":{"line":237,"column":61}},"type":"binary-expr","locations":[{"start":{"line":237,"column":12},"end":{"line":237,"column":38}},{"start":{"line":237,"column":42},"end":{"line":237,"column":61}}],"line":237},"12":{"loc":{"start":{"line":258,"column":8},"end":{"line":262,"column":9}},"type":"if","locations":[{"start":{"line":258,"column":8},"end":{"line":262,"column":9}},{"start":{},"end":{}}],"line":258},"13":{"loc":{"start":{"line":264,"column":8},"end":{"line":269,"column":9}},"type":"if","locations":[{"start":{"line":264,"column":8},"end":{"line":269,"column":9}},{"start":{},"end":{}}],"line":264},"14":{"loc":{"start":{"line":301,"column":28},"end":{"line":301,"column":63}},"type":"cond-expr","locations":[{"start":{"line":301,"column":39},"end":{"line":301,"column":52}},{"start":{"line":301,"column":55},"end":{"line":301,"column":63}}],"line":301},"15":{"loc":{"start":{"line":306,"column":21},"end":{"line":307,"column":124}},"type":"binary-expr","locations":[{"start":{"line":306,"column":21},"end":{"line":306,"column":39}},{"start":{"line":306,"column":43},"end":{"line":306,"column":63}},{"start":{"line":307,"column":21},"end":{"line":307,"column":124}}],"line":306},"16":{"loc":{"start":{"line":319,"column":13},"end":{"line":341,"column":18}},"type":"binary-expr","locations":[{"start":{"line":319,"column":13},"end":{"line":319,"column":31}},{"start":{"line":319,"column":35},"end":{"line":319,"column":60}},{"start":{"line":320,"column":12},"end":{"line":341,"column":18}}],"line":319},"17":{"loc":{"start":{"line":333,"column":17},"end":{"line":337,"column":22}},"type":"binary-expr","locations":[{"start":{"line":333,"column":17},"end":{"line":333,"column":35}},{"start":{"line":334,"column":16},"end":{"line":337,"column":22}}],"line":333}},"s":{"0":13,"1":2,"2":3,"3":3,"4":3,"5":3,"6":3,"7":3,"8":3,"9":3,"10":3,"11":3,"12":3,"13":3,"14":3,"15":3,"16":3,"17":3,"18":3,"19":3,"20":3,"21":3,"22":0,"23":0,"24":3,"25":0,"26":0,"27":0,"28":0,"29":0,"30":3,"31":0,"32":0,"33":0,"34":0,"35":0,"36":3,"37":3,"38":0,"39":0,"40":0,"41":0,"42":3,"43":3,"44":0,"45":3,"46":0,"47":3,"48":0,"49":0,"50":3,"51":0,"52":0,"53":0,"54":0,"55":0,"56":0,"57":0,"58":0,"59":0,"60":0,"61":3,"62":3,"63":0,"64":0,"65":0,"66":0,"67":0,"68":0,"69":0,"70":0,"71":0,"72":0,"73":3,"74":3,"75":3,"76":0,"77":3,"78":3,"79":0,"80":0,"81":0,"82":0,"83":0,"84":0,"85":0,"86":0,"87":0,"88":0,"89":0,"90":0,"91":0,"92":0,"93":0,"94":0,"95":0,"96":0,"97":0,"98":0,"99":3,"100":0,"101":0,"102":3,"103":0,"104":0,"105":0,"106":0,"107":0,"108":3,"109":0,"110":3,"111":0,"112":0,"113":0,"114":0,"115":0,"116":3,"117":0,"118":0,"119":0,"120":0,"121":0,"122":0,"123":0,"124":0,"125":0,"126":0,"127":0,"128":0,"129":0,"130":0,"131":3,"132":0},"f":{"0":13,"1":3,"2":3,"3":0,"4":0,"5":0,"6":0,"7":0,"8":0,"9":0,"10":0,"11":0,"12":0,"13":3,"14":0,"15":0,"16":3,"17":0,"18":0,"19":0,"20":0,"21":0,"22":0,"23":0,"24":0},"b":{"0":[0,0],"1":[0,3],"2":[0,0],"3":[0,0],"4":[0,0],"5":[0,0],"6":[0,0,0,0],"7":[0,0],"8":[0,0],"9":[0,0],"10":[0,0],"11":[0,0],"12":[0,0],"13":[0,0],"14":[0,3],"15":[3,0,0],"16":[3,0,0],"17":[0,0]},"_coverageSchema":"1a1c01bbd47fc00a2c39e90264f33305004495a9","hash":"45b275a2df6f893d59eb2e6442f1cd68b1892fa2"}
}
