TN:
SF:reactapp/src/App.js
FN:5,GameMenu
FN:29,App
FNF:2
FNH:2
FNDA:6,GameMenu
FNDA:2,App
DA:8,6
DA:9,6
DA:11,6
DA:31,2
LF:4
LH:4
BRF:0
BRH:0
end_of_record
TN:
SF:reactapp/src/Host.js
FN:5,Host
FN:10,(anonymous_1)
FN:19,(anonymous_2)
FN:38,(anonymous_3)
FN:39,(anonymous_4)
FNF:5
FNH:5
FNDA:14,Host
FNDA:6,(anonymous_1)
FNDA:2,(anonymous_2)
FNDA:1,(anonymous_3)
FNDA:1,(anonymous_4)
DA:6,14
DA:7,14
DA:8,14
DA:10,14
DA:11,6
DA:12,6
DA:13,3
DA:14,3
DA:15,3
DA:19,14
DA:20,2
DA:21,2
DA:22,2
DA:24,2
DA:25,1
DA:27,1
DA:38,1
DA:40,1
DA:45,14
DA:47,14
LF:20
LH:20
BRDA:12,0,0,3
BRDA:12,0,1,3
BRDA:14,1,0,3
BRDA:14,1,1,0
BRDA:24,2,0,1
BRDA:24,2,1,1
BRDA:24,3,0,2
BRDA:24,3,1,0
BRDA:24,3,2,2
BRDA:54,4,0,14
BRDA:54,4,1,12
BRDA:78,5,0,14
BRDA:78,5,1,12
BRDA:90,6,0,13
BRDA:90,6,1,1
BRF:15
BRH:13
end_of_record
TN:
SF:reactapp/src/Login.js
FN:4,Login
FN:11,(anonymous_1)
FN:20,(anonymous_2)
FN:34,(anonymous_3)
FN:41,(anonymous_4)
FN:43,(anonymous_5)
FN:56,(anonymous_6)
FN:57,(anonymous_7)
FNF:8
FNH:8
FNDA:8,Login
FNDA:2,(anonymous_1)
FNDA:1,(anonymous_2)
FNDA:1,(anonymous_3)
FNDA:1,(anonymous_4)
FNDA:2,(anonymous_5)
FNDA:1,(anonymous_6)
FNDA:1,(anonymous_7)
DA:5,8
DA:6,8
DA:7,8
DA:8,8
DA:9,8
DA:11,8
DA:12,2
DA:13,2
DA:14,1
DA:15,1
DA:16,1
DA:20,8
DA:21,1
DA:22,1
DA:23,1
DA:25,1
DA:26,0
DA:28,1
DA:35,1
DA:36,0
DA:38,1
DA:42,1
DA:43,2
DA:45,1
DA:56,1
DA:58,1
DA:65,8
DA:67,8
LF:28
LH:26
BRDA:13,0,0,1
BRDA:13,0,1,1
BRDA:15,1,0,1
BRDA:15,1,1,0
BRDA:25,2,0,0
BRDA:25,2,1,1
BRDA:25,3,0,1
BRDA:25,3,1,1
BRDA:35,4,0,0
BRDA:35,4,1,1
BRDA:42,5,0,1
BRDA:42,5,1,0
BRDA:42,6,0,1
BRDA:42,6,1,1
BRDA:102,7,0,8
BRDA:102,7,1,0
BRDA:103,8,0,0
BRDA:103,8,1,8
BRDA:104,9,0,8
BRDA:104,9,1,0
BRF:20
BRH:13
end_of_record
TN:
SF:reactapp/src/Poker.js
FN:8,(anonymous_0)
FN:22,(anonymous_1)
FN:54,(anonymous_2)
FN:56,open
FN:65,(anonymous_4)
FN:69,(anonymous_5)
FN:75,(anonymous_6)
FN:86,(anonymous_7)
FN:99,(anonymous_8)
FN:111,(anonymous_9)
FN:116,(anonymous_10)
FN:123,(anonymous_11)
FN:130,(anonymous_12)
FN:146,(anonymous_13)
FN:153,(anonymous_14)
FN:160,(anonymous_15)
FN:177,(anonymous_16)
FN:181,(anonymous_17)
FN:187,(anonymous_18)
FN:210,(anonymous_19)
FN:215,(anonymous_20)
FN:220,(anonymous_21)
FN:234,(anonymous_22)
FN:247,(anonymous_23)
FN:251,(anonymous_24)
FN:269,(anonymous_25)
FN:269,(anonymous_26)
FNF:27
FNH:6
FNDA:21,(anonymous_0)
FNDA:2,(anonymous_1)
FNDA:2,(anonymous_2)
FNDA:0,open
FNDA:0,(anonymous_4)
FNDA:0,(anonymous_5)
FNDA:0,(anonymous_6)
FNDA:0,(anonymous_7)
FNDA:0,(anonymous_8)
FNDA:0,(anonymous_9)
FNDA:0,(anonymous_10)
FNDA:0,(anonymous_11)
FNDA:0,(anonymous_12)
FNDA:2,(anonymous_13)
FNDA:0,(anonymous_14)
FNDA:0,(anonymous_15)
FNDA:2,(anonymous_16)
FNDA:0,(anonymous_17)
FNDA:0,(anonymous_18)
FNDA:0,(anonymous_19)
FNDA:0,(anonymous_20)
FNDA:0,(anonymous_21)
FNDA:0,(anonymous_22)
FNDA:0,(anonymous_23)
FNDA:0,(anonymous_24)
FNDA:20,(anonymous_25)
FNDA:0,(anonymous_26)
DA:9,21
DA:22,2
DA:23,2
DA:25,2
DA:26,2
DA:27,2
DA:28,2
DA:29,2
DA:30,2
DA:31,2
DA:32,2
DA:33,2
DA:34,2
DA:35,2
DA:37,2
DA:38,2
DA:40,2
DA:47,2
DA:51,2
DA:52,2
DA:54,2
DA:55,2
DA:56,2
DA:57,0
DA:59,0
DA:65,2
DA:66,0
DA:67,0
DA:68,0
DA:69,0
DA:70,0
DA:75,2
DA:78,0
DA:79,0
DA:80,0
DA:81,0
DA:82,0
DA:85,2
DA:86,2
DA:87,0
DA:88,0
DA:92,0
DA:93,0
DA:98,2
DA:99,2
DA:100,0
DA:106,2
DA:107,0
DA:111,2
DA:112,0
DA:113,0
DA:116,2
DA:117,0
DA:124,0
DA:125,0
DA:127,0
DA:131,0
DA:132,0
DA:133,0
DA:134,0
DA:135,0
DA:136,0
DA:137,0
DA:138,0
DA:141,0
DA:146,2
DA:147,2
DA:154,0
DA:155,0
DA:157,0
DA:161,0
DA:162,0
DA:163,0
DA:164,0
DA:170,0
DA:173,0
DA:177,2
DA:178,2
DA:181,2
DA:182,0
DA:185,2
DA:187,2
DA:188,0
DA:189,0
DA:190,0
DA:192,0
DA:193,0
DA:195,0
DA:196,0
DA:198,0
DA:200,0
DA:202,0
DA:204,0
DA:206,0
DA:210,2
DA:211,0
DA:212,0
DA:215,2
DA:216,0
DA:217,0
DA:220,2
DA:221,0
DA:222,0
DA:223,0
DA:226,0
DA:231,0
DA:234,2
DA:235,0
DA:236,0
DA:237,0
DA:239,0
DA:244,0
DA:247,2
DA:248,0
DA:251,2
DA:252,0
DA:253,0
DA:254,0
DA:256,0
DA:257,0
DA:258,0
DA:259,0
DA:261,0
DA:266,0
DA:269,20
DA:270,0
DA:271,0
DA:272,0
DA:276,0
DA:280,2
LF:130
LH:47
BRDA:67,0,0,0
BRDA:67,0,1,0
BRDA:106,1,0,0
BRDA:106,1,1,2
BRDA:124,2,0,0
BRDA:124,2,1,0
BRDA:131,3,0,0
BRDA:131,3,1,0
BRDA:154,4,0,0
BRDA:154,4,1,0
BRDA:162,5,0,0
BRDA:162,5,1,0
BRDA:190,6,0,0
BRDA:190,6,1,0
BRDA:190,6,2,0
BRDA:190,6,3,0
BRDA:190,6,4,0
BRDA:222,7,0,0
BRDA:222,7,1,0
BRDA:236,8,0,0
BRDA:236,8,1,0
BRDA:253,9,0,0
BRDA:253,9,1,0
BRDA:253,10,0,0
BRDA:253,10,1,0
BRDA:257,11,0,0
BRDA:257,11,1,0
BRDA:271,12,0,0
BRDA:271,12,1,0
BRDA:271,13,0,0
BRDA:271,13,1,0
BRDA:315,14,0,0
BRDA:315,14,1,2
BRDA:321,15,0,2
BRDA:321,15,1,0
BRDA:321,15,2,0
BRDA:324,16,0,2
BRDA:324,16,1,0
BRDA:324,16,2,0
BRF:39
BRH:4
end_of_record
TN:
SF:reactapp/src/Rules.js
FN:13,RulesPoker
FN:149,RulesTysiac
FNF:2
FNH:2
FNDA:2,RulesPoker
FNDA:3,RulesTysiac
DA:14,2
DA:150,3
LF:2
LH:2
BRF:0
BRH:0
end_of_record
TN:
SF:reactapp/src/Tysiac.js
FN:8,(anonymous_0)
FN:21,(anonymous_1)
FN:50,(anonymous_2)
FN:52,open
FN:61,(anonymous_4)
FN:65,(anonymous_5)
FN:71,(anonymous_6)
FN:82,(anonymous_7)
FN:95,(anonymous_8)
FN:107,(anonymous_9)
FN:112,(anonymous_10)
FN:119,(anonymous_11)
FN:126,(anonymous_12)
FN:139,(anonymous_13)
FN:146,(anonymous_14)
FN:153,(anonymous_15)
FN:172,(anonymous_16)
FN:176,(anonymous_17)
FN:182,(anonymous_18)
FN:212,(anonymous_19)
FN:217,(anonymous_20)
FN:231,(anonymous_21)
FN:235,(anonymous_22)
FN:248,(anonymous_23)
FN:340,(anonymous_24)
FNF:25
FNH:5
FNDA:13,(anonymous_0)
FNDA:3,(anonymous_1)
FNDA:3,(anonymous_2)
FNDA:0,open
FNDA:0,(anonymous_4)
FNDA:0,(anonymous_5)
FNDA:0,(anonymous_6)
FNDA:0,(anonymous_7)
FNDA:0,(anonymous_8)
FNDA:0,(anonymous_9)
FNDA:0,(anonymous_10)
FNDA:0,(anonymous_11)
FNDA:0,(anonymous_12)
FNDA:3,(anonymous_13)
FNDA:0,(anonymous_14)
FNDA:0,(anonymous_15)
FNDA:3,(anonymous_16)
FNDA:0,(anonymous_17)
FNDA:0,(anonymous_18)
FNDA:0,(anonymous_19)
FNDA:0,(anonymous_20)
FNDA:0,(anonymous_21)
FNDA:0,(anonymous_22)
FNDA:0,(anonymous_23)
FNDA:0,(anonymous_24)
DA:9,13
DA:21,2
DA:23,3
DA:25,3
DA:26,3
DA:27,3
DA:28,3
DA:29,3
DA:30,3
DA:31,3
DA:32,3
DA:33,3
DA:34,3
DA:35,3
DA:37,3
DA:43,3
DA:44,3
DA:47,3
DA:48,3
DA:50,3
DA:51,3
DA:52,3
DA:53,0
DA:55,0
DA:61,3
DA:62,0
DA:63,0
DA:64,0
DA:65,0
DA:66,0
DA:71,3
DA:74,0
DA:75,0
DA:76,0
DA:77,0
DA:78,0
DA:81,3
DA:82,3
DA:83,0
DA:84,0
DA:88,0
DA:89,0
DA:94,3
DA:95,3
DA:96,0
DA:102,3
DA:103,0
DA:107,3
DA:108,0
DA:109,0
DA:112,3
DA:113,0
DA:120,0
DA:121,0
DA:123,0
DA:127,0
DA:128,0
DA:129,0
DA:130,0
DA:131,0
DA:134,0
DA:139,3
DA:140,3
DA:147,0
DA:148,0
DA:150,0
DA:154,0
DA:155,0
DA:156,0
DA:157,0
DA:165,0
DA:168,0
DA:172,3
DA:173,3
DA:176,3
DA:177,0
DA:180,3
DA:182,3
DA:183,0
DA:184,0
DA:185,0
DA:187,0
DA:188,0
DA:189,0
DA:190,0
DA:191,0
DA:192,0
DA:193,0
DA:194,0
DA:195,0
DA:196,0
DA:198,0
DA:200,0
DA:202,0
DA:203,0
DA:205,0
DA:206,0
DA:208,0
DA:212,3
DA:213,0
DA:214,0
DA:217,3
DA:218,0
DA:219,0
DA:220,0
DA:223,0
DA:228,0
DA:231,3
DA:232,0
DA:235,3
DA:236,0
DA:237,0
DA:238,0
DA:240,0
DA:245,0
DA:248,3
DA:249,0
DA:250,0
DA:251,0
DA:252,0
DA:253,0
DA:254,0
DA:258,0
DA:259,0
DA:260,0
DA:261,0
DA:263,0
DA:264,0
DA:265,0
DA:268,0
DA:272,3
DA:340,0
LF:132
LH:44
BRDA:63,0,0,0
BRDA:63,0,1,0
BRDA:102,1,0,0
BRDA:102,1,1,3
BRDA:120,2,0,0
BRDA:120,2,1,0
BRDA:127,3,0,0
BRDA:127,3,1,0
BRDA:147,4,0,0
BRDA:147,4,1,0
BRDA:155,5,0,0
BRDA:155,5,1,0
BRDA:185,6,0,0
BRDA:185,6,1,0
BRDA:185,6,2,0
BRDA:185,6,3,0
BRDA:193,7,0,0
BRDA:193,7,1,0
BRDA:193,8,0,0
BRDA:193,8,1,0
BRDA:219,9,0,0
BRDA:219,9,1,0
BRDA:237,10,0,0
BRDA:237,10,1,0
BRDA:237,11,0,0
BRDA:237,11,1,0
BRDA:258,12,0,0
BRDA:258,12,1,0
BRDA:264,13,0,0
BRDA:264,13,1,0
BRDA:301,14,0,0
BRDA:301,14,1,3
BRDA:306,15,0,3
BRDA:306,15,1,0
BRDA:306,15,2,0
BRDA:319,16,0,3
BRDA:319,16,1,0
BRDA:319,16,2,0
BRDA:333,17,0,0
BRDA:333,17,1,0
BRF:40
BRH:4
end_of_record
