TN:
SF:reactapp/src/App.js
FN:5,GameMenu
FN:26,App
FNF:2
FNH:2
FNDA:2,GameMenu
FNDA:2,App
DA:8,2
DA:28,2
LF:2
LH:2
BRF:0
BRH:0
end_of_record
TN:
SF:reactapp/src/Game.js
FN:8,(anonymous_0)
FN:22,(anonymous_1)
FN:53,(anonymous_2)
FN:55,open
FN:64,(anonymous_4)
FN:68,(anonymous_5)
FN:74,(anonymous_6)
FN:85,(anonymous_7)
FN:98,(anonymous_8)
FN:110,(anonymous_9)
FN:115,(anonymous_10)
FN:122,(anonymous_11)
FN:129,(anonymous_12)
FN:144,(anonymous_13)
FN:151,(anonymous_14)
FN:158,(anonymous_15)
FN:175,(anonymous_16)
FN:179,(anonymous_17)
FN:185,(anonymous_18)
FN:211,(anonymous_19)
FN:216,(anonymous_20)
FN:222,(anonymous_21)
FN:236,(anonymous_22)
FN:249,(anonymous_23)
FN:253,(anonymous_24)
FNF:25
FNH:5
FNDA:10,(anonymous_0)
FNDA:1,(anonymous_1)
FNDA:1,(anonymous_2)
FNDA:0,open
FNDA:0,(anonymous_4)
FNDA:0,(anonymous_5)
FNDA:0,(anonymous_6)
FNDA:0,(anonymous_7)
FNDA:0,(anonymous_8)
FNDA:0,(anonymous_9)
FNDA:0,(anonymous_10)
FNDA:0,(anonymous_11)
FNDA:0,(anonymous_12)
FNDA:1,(anonymous_13)
FNDA:0,(anonymous_14)
FNDA:0,(anonymous_15)
FNDA:1,(anonymous_16)
FNDA:0,(anonymous_17)
FNDA:0,(anonymous_18)
FNDA:0,(anonymous_19)
FNDA:0,(anonymous_20)
FNDA:0,(anonymous_21)
FNDA:0,(anonymous_22)
FNDA:0,(anonymous_23)
FNDA:0,(anonymous_24)
DA:9,10
DA:22,1
DA:23,1
DA:25,1
DA:26,1
DA:27,1
DA:28,1
DA:29,1
DA:30,1
DA:31,1
DA:32,1
DA:33,1
DA:34,1
DA:36,1
DA:37,1
DA:39,1
DA:46,1
DA:50,1
DA:51,1
DA:53,1
DA:54,1
DA:55,1
DA:56,0
DA:58,0
DA:64,1
DA:65,0
DA:66,0
DA:67,0
DA:68,0
DA:69,0
DA:74,1
DA:77,0
DA:78,0
DA:79,0
DA:80,0
DA:81,0
DA:84,1
DA:85,1
DA:86,0
DA:87,0
DA:91,0
DA:92,0
DA:97,1
DA:98,1
DA:99,0
DA:105,1
DA:106,0
DA:110,1
DA:111,0
DA:112,0
DA:115,1
DA:116,0
DA:123,0
DA:124,0
DA:126,0
DA:130,0
DA:131,0
DA:132,0
DA:133,0
DA:134,0
DA:135,0
DA:136,0
DA:139,0
DA:144,1
DA:145,1
DA:152,0
DA:153,0
DA:155,0
DA:159,0
DA:160,0
DA:161,0
DA:162,0
DA:168,0
DA:171,0
DA:175,1
DA:176,1
DA:179,1
DA:180,0
DA:183,1
DA:185,1
DA:186,0
DA:187,0
DA:188,0
DA:190,0
DA:191,0
DA:193,0
DA:194,0
DA:196,0
DA:198,0
DA:200,0
DA:202,0
DA:203,0
DA:205,0
DA:207,0
DA:211,1
DA:212,0
DA:213,0
DA:216,1
DA:217,0
DA:219,0
DA:222,1
DA:223,0
DA:224,0
DA:225,0
DA:228,0
DA:233,0
DA:236,1
DA:237,0
DA:238,0
DA:239,0
DA:241,0
DA:246,0
DA:249,1
DA:250,0
DA:253,1
DA:254,0
DA:255,0
DA:256,0
DA:258,0
DA:259,0
DA:260,0
DA:261,0
DA:263,0
DA:268,0
DA:271,1
LF:125
LH:45
BRDA:66,0,0,0
BRDA:66,0,1,0
BRDA:105,1,0,0
BRDA:105,1,1,1
BRDA:123,2,0,0
BRDA:123,2,1,0
BRDA:130,3,0,0
BRDA:130,3,1,0
BRDA:152,4,0,0
BRDA:152,4,1,0
BRDA:160,5,0,0
BRDA:160,5,1,0
BRDA:188,6,0,0
BRDA:188,6,1,0
BRDA:188,6,2,0
BRDA:188,6,3,0
BRDA:188,6,4,0
BRDA:224,7,0,0
BRDA:224,7,1,0
BRDA:238,8,0,0
BRDA:238,8,1,0
BRDA:255,9,0,0
BRDA:255,9,1,0
BRDA:255,10,0,0
BRDA:255,10,1,0
BRDA:259,11,0,0
BRDA:259,11,1,0
BRDA:306,12,0,0
BRDA:306,12,1,1
BRDA:312,13,0,1
BRDA:312,13,1,0
BRDA:312,13,2,0
BRDA:315,14,0,1
BRDA:315,14,1,0
BRDA:315,14,2,0
BRF:35
BRH:4
end_of_record
TN:
SF:reactapp/src/Host.js
FN:5,(anonymous_0)
FN:10,(anonymous_1)
FN:19,(anonymous_2)
FN:37,(anonymous_3)
FN:38,(anonymous_4)
FNF:5
FNH:3
FNDA:10,(anonymous_0)
FNDA:4,(anonymous_1)
FNDA:2,(anonymous_2)
FNDA:0,(anonymous_3)
FNDA:0,(anonymous_4)
DA:5,2
DA:6,10
DA:7,10
DA:8,10
DA:10,10
DA:11,4
DA:12,4
DA:13,2
DA:14,2
DA:15,2
DA:19,10
DA:20,2
DA:21,2
DA:22,2
DA:24,2
DA:25,2
DA:27,0
DA:37,0
DA:39,0
DA:44,10
LF:20
LH:17
BRDA:12,0,0,2
BRDA:12,0,1,2
BRDA:14,1,0,2
BRDA:14,1,1,0
BRDA:24,2,0,2
BRDA:24,2,1,0
BRDA:24,3,0,2
BRDA:24,3,1,1
BRDA:79,4,0,8
BRDA:79,4,1,2
BRF:10
BRH:8
end_of_record
TN:
SF:reactapp/src/Login.js
FN:4,(anonymous_0)
FN:11,(anonymous_1)
FN:20,(anonymous_2)
FN:34,(anonymous_3)
FN:41,(anonymous_4)
FN:43,(anonymous_5)
FN:55,(anonymous_6)
FN:56,(anonymous_7)
FNF:8
FNH:8
FNDA:18,(anonymous_0)
FNDA:8,(anonymous_1)
FNDA:4,(anonymous_2)
FNDA:3,(anonymous_3)
FNDA:3,(anonymous_4)
FNDA:1,(anonymous_5)
FNDA:1,(anonymous_6)
FNDA:1,(anonymous_7)
DA:4,2
DA:5,18
DA:6,18
DA:7,18
DA:8,18
DA:9,18
DA:11,18
DA:12,8
DA:13,8
DA:14,4
DA:15,4
DA:16,4
DA:20,18
DA:21,4
DA:22,4
DA:23,4
DA:25,4
DA:26,1
DA:28,3
DA:35,3
DA:36,2
DA:38,1
DA:42,3
DA:43,1
DA:45,1
DA:55,1
DA:57,1
DA:64,18
LF:28
LH:28
BRDA:13,0,0,4
BRDA:13,0,1,4
BRDA:15,1,0,4
BRDA:15,1,1,0
BRDA:25,2,0,1
BRDA:25,2,1,3
BRDA:25,3,0,4
BRDA:25,3,1,3
BRDA:35,4,0,2
BRDA:35,4,1,1
BRDA:42,5,0,1
BRDA:42,5,1,2
BRDA:42,6,0,3
BRDA:42,6,1,3
BRDA:99,7,0,17
BRDA:99,7,1,1
BRDA:100,8,0,1
BRDA:100,8,1,17
BRDA:101,9,0,16
BRDA:101,9,1,2
BRF:20
BRH:19
end_of_record
TN:
SF:reactapp/src/Rules.js
FN:13,Rules
FNF:1
FNH:1
FNDA:1,Rules
DA:14,1
LF:1
LH:1
BRF:0
BRH:0
end_of_record
